[INFO  - 2019-03-29T04:31:59.077Z] GhostDriver - Main - running on port 36998
[INFO  - 2019-03-29T04:31:59.986Z] Session [97e8b9d0-51db-11e9-8fdb-cbdf6c8b88f0] - page.settings - {"XSSAuditingEnabled":false,"javascriptCanCloseWindows":true,"javascriptCanOpenWindows":true,"javascriptEnabled":true,"loadImages":true,"localToRemoteUrlAccessEnabled":false,"userAgent":"Mozilla/5.0 (Windows NT 6.2; WOW64) AppleWebKit/538.1 (KHTML, like Gecko) PhantomJS/2.1.1 Safari/538.1","webSecurityEnabled":true}
[INFO  - 2019-03-29T04:31:59.987Z] Session [97e8b9d0-51db-11e9-8fdb-cbdf6c8b88f0] - page.customHeaders:  - {}
[INFO  - 2019-03-29T04:31:59.987Z] Session [97e8b9d0-51db-11e9-8fdb-cbdf6c8b88f0] - Session.negotiatedCapabilities - {"browserName":"phantomjs","version":"2.1.1","driverName":"ghostdriver","driverVersion":"1.2.0","platform":"windows-10-32bit","javascriptEnabled":true,"takesScreenshot":true,"handlesAlerts":false,"databaseEnabled":false,"locationContextEnabled":false,"applicationCacheEnabled":false,"browserConnectionEnabled":false,"cssSelectorsEnabled":true,"webStorageEnabled":false,"rotatable":false,"acceptSslCerts":false,"nativeEvents":true,"proxy":{"proxyType":"direct"}}
[INFO  - 2019-03-29T04:31:59.987Z] SessionManagerReqHand - _postNewSessionCommand - New Session Created: 97e8b9d0-51db-11e9-8fdb-cbdf6c8b88f0
[ERROR - 2019-03-29T04:32:01.116Z] Session [97e8b9d0-51db-11e9-8fdb-cbdf6c8b88f0] - page.onError - msg: ReferenceError: Can't find variable: c
[ERROR - 2019-03-29T04:32:01.117Z] Session [97e8b9d0-51db-11e9-8fdb-cbdf6c8b88f0] - page.onError - stack:
  sendLog (https://ss1.bdstatic.com/5eN1bjq8AAUYm2zgoY3K/r/www/cache/static/protocol/https/plugins/every_cookie_4644b13.js:4)
  (anonymous function) (https://ss1.bdstatic.com/5eN1bjq8AAUYm2zgoY3K/r/www/cache/static/protocol/https/plugins/every_cookie_4644b13.js:5)
[INFO  - 2019-03-29T04:32:02.052Z] ShutdownReqHand - _handle - About to shutdown
[INFO  - 2019-03-29T04:32:04.234Z] GhostDriver - Main - running on port 33957
[INFO  - 2019-03-29T04:32:04.273Z] Session [9a76dec0-51db-11e9-961e-2b2ebacd96b9] - page.settings - {"XSSAuditingEnabled":false,"javascriptCanCloseWindows":true,"javascriptCanOpenWindows":true,"javascriptEnabled":true,"loadImages":true,"localToRemoteUrlAccessEnabled":false,"userAgent":"Mozilla/5.0 (Windows NT 6.2; WOW64) AppleWebKit/538.1 (KHTML, like Gecko) PhantomJS/2.1.1 Safari/538.1","webSecurityEnabled":true}
[INFO  - 2019-03-29T04:32:04.273Z] Session [9a76dec0-51db-11e9-961e-2b2ebacd96b9] - page.customHeaders:  - {}
[INFO  - 2019-03-29T04:32:04.274Z] Session [9a76dec0-51db-11e9-961e-2b2ebacd96b9] - Session.negotiatedCapabilities - {"browserName":"phantomjs","version":"2.1.1","driverName":"ghostdriver","driverVersion":"1.2.0","platform":"windows-10-32bit","javascriptEnabled":true,"takesScreenshot":true,"handlesAlerts":false,"databaseEnabled":false,"locationContextEnabled":false,"applicationCacheEnabled":false,"browserConnectionEnabled":false,"cssSelectorsEnabled":true,"webStorageEnabled":false,"rotatable":false,"acceptSslCerts":false,"nativeEvents":true,"proxy":{"proxyType":"direct"}}
[INFO  - 2019-03-29T04:32:04.274Z] SessionManagerReqHand - _postNewSessionCommand - New Session Created: 9a76dec0-51db-11e9-961e-2b2ebacd96b9
[ERROR - 2019-03-29T04:32:05.213Z] Session [9a76dec0-51db-11e9-961e-2b2ebacd96b9] - page.onError - msg: ReferenceError: Can't find variable: c
[ERROR - 2019-03-29T04:32:05.213Z] Session [9a76dec0-51db-11e9-961e-2b2ebacd96b9] - page.onError - stack:
  sendLog (https://ss1.bdstatic.com/5eN1bjq8AAUYm2zgoY3K/r/www/cache/static/protocol/https/plugins/every_cookie_4644b13.js:4)
  (anonymous function) (https://ss1.bdstatic.com/5eN1bjq8AAUYm2zgoY3K/r/www/cache/static/protocol/https/plugins/every_cookie_4644b13.js:5)
[INFO  - 2019-03-29T04:32:05.991Z] ShutdownReqHand - _handle - About to shutdown
[INFO  - 2019-03-29T04:32:08.090Z] GhostDriver - Main - running on port 5768
[INFO  - 2019-03-29T04:32:08.144Z] Session [9cc562a0-51db-11e9-89df-8d99f482fba5] - page.settings - {"XSSAuditingEnabled":false,"javascriptCanCloseWindows":true,"javascriptCanOpenWindows":true,"javascriptEnabled":true,"loadImages":true,"localToRemoteUrlAccessEnabled":false,"userAgent":"Mozilla/5.0 (Windows NT 6.2; WOW64) AppleWebKit/538.1 (KHTML, like Gecko) PhantomJS/2.1.1 Safari/538.1","webSecurityEnabled":true}
[INFO  - 2019-03-29T04:32:08.144Z] Session [9cc562a0-51db-11e9-89df-8d99f482fba5] - page.customHeaders:  - {}
[INFO  - 2019-03-29T04:32:08.144Z] Session [9cc562a0-51db-11e9-89df-8d99f482fba5] - Session.negotiatedCapabilities - {"browserName":"phantomjs","version":"2.1.1","driverName":"ghostdriver","driverVersion":"1.2.0","platform":"windows-10-32bit","javascriptEnabled":true,"takesScreenshot":true,"handlesAlerts":false,"databaseEnabled":false,"locationContextEnabled":false,"applicationCacheEnabled":false,"browserConnectionEnabled":false,"cssSelectorsEnabled":true,"webStorageEnabled":false,"rotatable":false,"acceptSslCerts":false,"nativeEvents":true,"proxy":{"proxyType":"direct"}}
[INFO  - 2019-03-29T04:32:08.144Z] SessionManagerReqHand - _postNewSessionCommand - New Session Created: 9cc562a0-51db-11e9-89df-8d99f482fba5
[ERROR - 2019-03-29T04:32:08.960Z] Session [9cc562a0-51db-11e9-89df-8d99f482fba5] - page.onError - msg: ReferenceError: Can't find variable: c
[ERROR - 2019-03-29T04:32:08.960Z] Session [9cc562a0-51db-11e9-89df-8d99f482fba5] - page.onError - stack:
  sendLog (https://ss1.bdstatic.com/5eN1bjq8AAUYm2zgoY3K/r/www/cache/static/protocol/https/plugins/every_cookie_4644b13.js:4)
  (anonymous function) (https://ss1.bdstatic.com/5eN1bjq8AAUYm2zgoY3K/r/www/cache/static/protocol/https/plugins/every_cookie_4644b13.js:5)
[INFO  - 2019-03-29T04:32:09.795Z] ShutdownReqHand - _handle - About to shutdown
[INFO  - 2019-03-29T04:35:18.485Z] GhostDriver - Main - running on port 33452
[INFO  - 2019-03-29T04:35:19.310Z] Session [0eb66440-51dc-11e9-a222-1b98c54c1f24] - page.settings - {"XSSAuditingEnabled":false,"javascriptCanCloseWindows":true,"javascriptCanOpenWindows":true,"javascriptEnabled":true,"loadImages":true,"localToRemoteUrlAccessEnabled":false,"userAgent":"Mozilla/5.0 (Windows NT 6.2; WOW64) AppleWebKit/538.1 (KHTML, like Gecko) PhantomJS/2.1.1 Safari/538.1","webSecurityEnabled":true}
[INFO  - 2019-03-29T04:35:19.310Z] Session [0eb66440-51dc-11e9-a222-1b98c54c1f24] - page.customHeaders:  - {}
[INFO  - 2019-03-29T04:35:19.310Z] Session [0eb66440-51dc-11e9-a222-1b98c54c1f24] - Session.negotiatedCapabilities - {"browserName":"phantomjs","version":"2.1.1","driverName":"ghostdriver","driverVersion":"1.2.0","platform":"windows-10-32bit","javascriptEnabled":true,"takesScreenshot":true,"handlesAlerts":false,"databaseEnabled":false,"locationContextEnabled":false,"applicationCacheEnabled":false,"browserConnectionEnabled":false,"cssSelectorsEnabled":true,"webStorageEnabled":false,"rotatable":false,"acceptSslCerts":false,"nativeEvents":true,"proxy":{"proxyType":"direct"}}
[INFO  - 2019-03-29T04:35:19.310Z] SessionManagerReqHand - _postNewSessionCommand - New Session Created: 0eb66440-51dc-11e9-a222-1b98c54c1f24
[ERROR - 2019-03-29T04:35:20.350Z] Session [0eb66440-51dc-11e9-a222-1b98c54c1f24] - page.onError - msg: ReferenceError: Can't find variable: c
[ERROR - 2019-03-29T04:35:20.351Z] Session [0eb66440-51dc-11e9-a222-1b98c54c1f24] - page.onError - stack:
  sendLog (https://ss1.bdstatic.com/5eN1bjq8AAUYm2zgoY3K/r/www/cache/static/protocol/https/plugins/every_cookie_4644b13.js:4)
  (anonymous function) (https://ss1.bdstatic.com/5eN1bjq8AAUYm2zgoY3K/r/www/cache/static/protocol/https/plugins/every_cookie_4644b13.js:5)
[INFO  - 2019-03-29T04:35:21.299Z] ShutdownReqHand - _handle - About to shutdown
[INFO  - 2019-03-29T04:35:23.405Z] GhostDriver - Main - running on port 29771
[INFO  - 2019-03-29T04:35:23.445Z] Session [112df3f0-51dc-11e9-b7ee-837506fe9b3b] - page.settings - {"XSSAuditingEnabled":false,"javascriptCanCloseWindows":true,"javascriptCanOpenWindows":true,"javascriptEnabled":true,"loadImages":true,"localToRemoteUrlAccessEnabled":false,"userAgent":"Mozilla/5.0 (Windows NT 6.2; WOW64) AppleWebKit/538.1 (KHTML, like Gecko) PhantomJS/2.1.1 Safari/538.1","webSecurityEnabled":true}
[INFO  - 2019-03-29T04:35:23.446Z] Session [112df3f0-51dc-11e9-b7ee-837506fe9b3b] - page.customHeaders:  - {}
[INFO  - 2019-03-29T04:35:23.446Z] Session [112df3f0-51dc-11e9-b7ee-837506fe9b3b] - Session.negotiatedCapabilities - {"browserName":"phantomjs","version":"2.1.1","driverName":"ghostdriver","driverVersion":"1.2.0","platform":"windows-10-32bit","javascriptEnabled":true,"takesScreenshot":true,"handlesAlerts":false,"databaseEnabled":false,"locationContextEnabled":false,"applicationCacheEnabled":false,"browserConnectionEnabled":false,"cssSelectorsEnabled":true,"webStorageEnabled":false,"rotatable":false,"acceptSslCerts":false,"nativeEvents":true,"proxy":{"proxyType":"direct"}}
[INFO  - 2019-03-29T04:35:23.446Z] SessionManagerReqHand - _postNewSessionCommand - New Session Created: 112df3f0-51dc-11e9-b7ee-837506fe9b3b
[INFO  - 2019-03-29T04:38:47.642Z] GhostDriver - Main - running on port 27933
[INFO  - 2019-03-29T04:38:48.061Z] Session [8b23b960-51dc-11e9-bffd-df3ab66aaed5] - page.settings - {"XSSAuditingEnabled":false,"javascriptCanCloseWindows":true,"javascriptCanOpenWindows":true,"javascriptEnabled":true,"loadImages":true,"localToRemoteUrlAccessEnabled":false,"userAgent":"Mozilla/5.0 (Windows NT 6.2; WOW64) AppleWebKit/538.1 (KHTML, like Gecko) PhantomJS/2.1.1 Safari/538.1","webSecurityEnabled":true}
[INFO  - 2019-03-29T04:38:48.061Z] Session [8b23b960-51dc-11e9-bffd-df3ab66aaed5] - page.customHeaders:  - {}
[INFO  - 2019-03-29T04:38:48.061Z] Session [8b23b960-51dc-11e9-bffd-df3ab66aaed5] - Session.negotiatedCapabilities - {"browserName":"phantomjs","version":"2.1.1","driverName":"ghostdriver","driverVersion":"1.2.0","platform":"windows-10-32bit","javascriptEnabled":true,"takesScreenshot":true,"handlesAlerts":false,"databaseEnabled":false,"locationContextEnabled":false,"applicationCacheEnabled":false,"browserConnectionEnabled":false,"cssSelectorsEnabled":true,"webStorageEnabled":false,"rotatable":false,"acceptSslCerts":false,"nativeEvents":true,"proxy":{"proxyType":"direct"}}
[INFO  - 2019-03-29T04:38:48.061Z] SessionManagerReqHand - _postNewSessionCommand - New Session Created: 8b23b960-51dc-11e9-bffd-df3ab66aaed5
[ERROR - 2019-03-29T04:38:49.166Z] Session [8b23b960-51dc-11e9-bffd-df3ab66aaed5] - page.onError - msg: ReferenceError: Can't find variable: c
[ERROR - 2019-03-29T04:38:49.167Z] Session [8b23b960-51dc-11e9-bffd-df3ab66aaed5] - page.onError - stack:
  sendLog (https://ss1.bdstatic.com/5eN1bjq8AAUYm2zgoY3K/r/www/cache/static/protocol/https/plugins/every_cookie_4644b13.js:4)
  (anonymous function) (https://ss1.bdstatic.com/5eN1bjq8AAUYm2zgoY3K/r/www/cache/static/protocol/https/plugins/every_cookie_4644b13.js:5)
[INFO  - 2019-03-29T04:38:50.047Z] ShutdownReqHand - _handle - About to shutdown
[INFO  - 2019-03-29T04:38:52.239Z] GhostDriver - Main - running on port 26384
[INFO  - 2019-03-29T04:38:52.816Z] Session [8df995b0-51dc-11e9-8f14-1d742b5410c4] - page.settings - {"XSSAuditingEnabled":false,"javascriptCanCloseWindows":true,"javascriptCanOpenWindows":true,"javascriptEnabled":true,"loadImages":true,"localToRemoteUrlAccessEnabled":false,"userAgent":"Mozilla/5.0 (Windows NT 6.2; WOW64) AppleWebKit/538.1 (KHTML, like Gecko) PhantomJS/2.1.1 Safari/538.1","webSecurityEnabled":true}
[INFO  - 2019-03-29T04:38:52.816Z] Session [8df995b0-51dc-11e9-8f14-1d742b5410c4] - page.customHeaders:  - {}
[INFO  - 2019-03-29T04:38:52.816Z] Session [8df995b0-51dc-11e9-8f14-1d742b5410c4] - Session.negotiatedCapabilities - {"browserName":"phantomjs","version":"2.1.1","driverName":"ghostdriver","driverVersion":"1.2.0","platform":"windows-10-32bit","javascriptEnabled":true,"takesScreenshot":true,"handlesAlerts":false,"databaseEnabled":false,"locationContextEnabled":false,"applicationCacheEnabled":false,"browserConnectionEnabled":false,"cssSelectorsEnabled":true,"webStorageEnabled":false,"rotatable":false,"acceptSslCerts":false,"nativeEvents":true,"proxy":{"proxyType":"direct"}}
[INFO  - 2019-03-29T04:38:52.816Z] SessionManagerReqHand - _postNewSessionCommand - New Session Created: 8df995b0-51dc-11e9-8f14-1d742b5410c4
[ERROR - 2019-03-29T04:38:53.718Z] Session [8df995b0-51dc-11e9-8f14-1d742b5410c4] - page.onError - msg: ReferenceError: Can't find variable: c
[ERROR - 2019-03-29T04:38:53.718Z] Session [8df995b0-51dc-11e9-8f14-1d742b5410c4] - page.onError - stack:
  sendLog (https://ss1.bdstatic.com/5eN1bjq8AAUYm2zgoY3K/r/www/cache/static/protocol/https/plugins/every_cookie_4644b13.js:4)
  (anonymous function) (https://ss1.bdstatic.com/5eN1bjq8AAUYm2zgoY3K/r/www/cache/static/protocol/https/plugins/every_cookie_4644b13.js:5)
[INFO  - 2019-03-29T04:38:54.629Z] ShutdownReqHand - _handle - About to shutdown
[INFO  - 2019-03-29T04:38:56.714Z] GhostDriver - Main - running on port 34929
[INFO  - 2019-03-29T04:38:56.817Z] Session [905b2c60-51dc-11e9-b34d-770e8c054833] - page.settings - {"XSSAuditingEnabled":false,"javascriptCanCloseWindows":true,"javascriptCanOpenWindows":true,"javascriptEnabled":true,"loadImages":true,"localToRemoteUrlAccessEnabled":false,"userAgent":"Mozilla/5.0 (Windows NT 6.2; WOW64) AppleWebKit/538.1 (KHTML, like Gecko) PhantomJS/2.1.1 Safari/538.1","webSecurityEnabled":true}
[INFO  - 2019-03-29T04:38:56.817Z] Session [905b2c60-51dc-11e9-b34d-770e8c054833] - page.customHeaders:  - {}
[INFO  - 2019-03-29T04:38:56.817Z] Session [905b2c60-51dc-11e9-b34d-770e8c054833] - Session.negotiatedCapabilities - {"browserName":"phantomjs","version":"2.1.1","driverName":"ghostdriver","driverVersion":"1.2.0","platform":"windows-10-32bit","javascriptEnabled":true,"takesScreenshot":true,"handlesAlerts":false,"databaseEnabled":false,"locationContextEnabled":false,"applicationCacheEnabled":false,"browserConnectionEnabled":false,"cssSelectorsEnabled":true,"webStorageEnabled":false,"rotatable":false,"acceptSslCerts":false,"nativeEvents":true,"proxy":{"proxyType":"direct"}}
[INFO  - 2019-03-29T04:38:56.818Z] SessionManagerReqHand - _postNewSessionCommand - New Session Created: 905b2c60-51dc-11e9-b34d-770e8c054833
[ERROR - 2019-03-29T04:38:57.790Z] Session [905b2c60-51dc-11e9-b34d-770e8c054833] - page.onError - msg: ReferenceError: Can't find variable: c
[ERROR - 2019-03-29T04:38:57.791Z] Session [905b2c60-51dc-11e9-b34d-770e8c054833] - page.onError - stack:
  sendLog (https://ss1.bdstatic.com/5eN1bjq8AAUYm2zgoY3K/r/www/cache/static/protocol/https/plugins/every_cookie_4644b13.js:4)
  (anonymous function) (https://ss1.bdstatic.com/5eN1bjq8AAUYm2zgoY3K/r/www/cache/static/protocol/https/plugins/every_cookie_4644b13.js:5)
[INFO  - 2019-03-29T04:38:58.842Z] ShutdownReqHand - _handle - About to shutdown
[INFO  - 2019-03-29T04:46:00.922Z] GhostDriver - Main - running on port 26209
[INFO  - 2019-03-29T04:46:02.009Z] Session [8dcb1630-51dd-11e9-a06a-b5f510382f44] - page.settings - {"XSSAuditingEnabled":false,"javascriptCanCloseWindows":true,"javascriptCanOpenWindows":true,"javascriptEnabled":true,"loadImages":true,"localToRemoteUrlAccessEnabled":false,"userAgent":"Mozilla/5.0 (Windows NT 6.2; WOW64) AppleWebKit/538.1 (KHTML, like Gecko) PhantomJS/2.1.1 Safari/538.1","webSecurityEnabled":true}
[INFO  - 2019-03-29T04:46:02.009Z] Session [8dcb1630-51dd-11e9-a06a-b5f510382f44] - page.customHeaders:  - {}
[INFO  - 2019-03-29T04:46:02.009Z] Session [8dcb1630-51dd-11e9-a06a-b5f510382f44] - Session.negotiatedCapabilities - {"browserName":"phantomjs","version":"2.1.1","driverName":"ghostdriver","driverVersion":"1.2.0","platform":"windows-10-32bit","javascriptEnabled":true,"takesScreenshot":true,"handlesAlerts":false,"databaseEnabled":false,"locationContextEnabled":false,"applicationCacheEnabled":false,"browserConnectionEnabled":false,"cssSelectorsEnabled":true,"webStorageEnabled":false,"rotatable":false,"acceptSslCerts":false,"nativeEvents":true,"proxy":{"proxyType":"direct"}}
[INFO  - 2019-03-29T04:46:02.009Z] SessionManagerReqHand - _postNewSessionCommand - New Session Created: 8dcb1630-51dd-11e9-a06a-b5f510382f44
[INFO  - 2019-03-29T04:46:04.344Z] ShutdownReqHand - _handle - About to shutdown
[INFO  - 2019-03-29T04:46:06.466Z] GhostDriver - Main - running on port 8199
[INFO  - 2019-03-29T04:46:07.109Z] Session [90d485a0-51dd-11e9-8e1d-3578f22acb4b] - page.settings - {"XSSAuditingEnabled":false,"javascriptCanCloseWindows":true,"javascriptCanOpenWindows":true,"javascriptEnabled":true,"loadImages":true,"localToRemoteUrlAccessEnabled":false,"userAgent":"Mozilla/5.0 (Windows NT 6.2; WOW64) AppleWebKit/538.1 (KHTML, like Gecko) PhantomJS/2.1.1 Safari/538.1","webSecurityEnabled":true}
[INFO  - 2019-03-29T04:46:07.110Z] Session [90d485a0-51dd-11e9-8e1d-3578f22acb4b] - page.customHeaders:  - {}
[INFO  - 2019-03-29T04:46:07.110Z] Session [90d485a0-51dd-11e9-8e1d-3578f22acb4b] - Session.negotiatedCapabilities - {"browserName":"phantomjs","version":"2.1.1","driverName":"ghostdriver","driverVersion":"1.2.0","platform":"windows-10-32bit","javascriptEnabled":true,"takesScreenshot":true,"handlesAlerts":false,"databaseEnabled":false,"locationContextEnabled":false,"applicationCacheEnabled":false,"browserConnectionEnabled":false,"cssSelectorsEnabled":true,"webStorageEnabled":false,"rotatable":false,"acceptSslCerts":false,"nativeEvents":true,"proxy":{"proxyType":"direct"}}
[INFO  - 2019-03-29T04:46:07.110Z] SessionManagerReqHand - _postNewSessionCommand - New Session Created: 90d485a0-51dd-11e9-8e1d-3578f22acb4b
[ERROR - 2019-03-29T04:46:08.301Z] Session [90d485a0-51dd-11e9-8e1d-3578f22acb4b] - page.onError - msg: ReferenceError: Can't find variable: c
[ERROR - 2019-03-29T04:46:08.302Z] Session [90d485a0-51dd-11e9-8e1d-3578f22acb4b] - page.onError - stack:
  sendLog (https://ss1.bdstatic.com/5eN1bjq8AAUYm2zgoY3K/r/www/cache/static/protocol/https/plugins/every_cookie_4644b13.js:4)
  (anonymous function) (https://ss1.bdstatic.com/5eN1bjq8AAUYm2zgoY3K/r/www/cache/static/protocol/https/plugins/every_cookie_4644b13.js:5)
[INFO  - 2019-03-29T04:46:09.426Z] ShutdownReqHand - _handle - About to shutdown
[INFO  - 2019-03-29T04:46:11.579Z] GhostDriver - Main - running on port 18357
[INFO  - 2019-03-29T04:46:12.170Z] Session [93d8ec00-51dd-11e9-8857-e1d8afb3dcd5] - page.settings - {"XSSAuditingEnabled":false,"javascriptCanCloseWindows":true,"javascriptCanOpenWindows":true,"javascriptEnabled":true,"loadImages":true,"localToRemoteUrlAccessEnabled":false,"userAgent":"Mozilla/5.0 (Windows NT 6.2; WOW64) AppleWebKit/538.1 (KHTML, like Gecko) PhantomJS/2.1.1 Safari/538.1","webSecurityEnabled":true}
[INFO  - 2019-03-29T04:46:12.170Z] Session [93d8ec00-51dd-11e9-8857-e1d8afb3dcd5] - page.customHeaders:  - {}
[INFO  - 2019-03-29T04:46:12.171Z] Session [93d8ec00-51dd-11e9-8857-e1d8afb3dcd5] - Session.negotiatedCapabilities - {"browserName":"phantomjs","version":"2.1.1","driverName":"ghostdriver","driverVersion":"1.2.0","platform":"windows-10-32bit","javascriptEnabled":true,"takesScreenshot":true,"handlesAlerts":false,"databaseEnabled":false,"locationContextEnabled":false,"applicationCacheEnabled":false,"browserConnectionEnabled":false,"cssSelectorsEnabled":true,"webStorageEnabled":false,"rotatable":false,"acceptSslCerts":false,"nativeEvents":true,"proxy":{"proxyType":"direct"}}
[INFO  - 2019-03-29T04:46:12.171Z] SessionManagerReqHand - _postNewSessionCommand - New Session Created: 93d8ec00-51dd-11e9-8857-e1d8afb3dcd5
[INFO  - 2019-03-29T04:46:14.619Z] ShutdownReqHand - _handle - About to shutdown
[INFO  - 2019-03-29T04:48:34.879Z] GhostDriver - Main - running on port 36379
[INFO  - 2019-03-29T04:48:35.306Z] Session [e92a8150-51dd-11e9-a684-01c826d2688e] - page.settings - {"XSSAuditingEnabled":false,"javascriptCanCloseWindows":true,"javascriptCanOpenWindows":true,"javascriptEnabled":true,"loadImages":true,"localToRemoteUrlAccessEnabled":false,"userAgent":"Mozilla/5.0 (Windows NT 6.2; WOW64) AppleWebKit/538.1 (KHTML, like Gecko) PhantomJS/2.1.1 Safari/538.1","webSecurityEnabled":true}
[INFO  - 2019-03-29T04:48:35.306Z] Session [e92a8150-51dd-11e9-a684-01c826d2688e] - page.customHeaders:  - {}
[INFO  - 2019-03-29T04:48:35.307Z] Session [e92a8150-51dd-11e9-a684-01c826d2688e] - Session.negotiatedCapabilities - {"browserName":"phantomjs","version":"2.1.1","driverName":"ghostdriver","driverVersion":"1.2.0","platform":"windows-10-32bit","javascriptEnabled":true,"takesScreenshot":true,"handlesAlerts":false,"databaseEnabled":false,"locationContextEnabled":false,"applicationCacheEnabled":false,"browserConnectionEnabled":false,"cssSelectorsEnabled":true,"webStorageEnabled":false,"rotatable":false,"acceptSslCerts":false,"nativeEvents":true,"proxy":{"proxyType":"direct"}}
[INFO  - 2019-03-29T04:48:35.307Z] SessionManagerReqHand - _postNewSessionCommand - New Session Created: e92a8150-51dd-11e9-a684-01c826d2688e
[INFO  - 2019-03-29T04:48:37.637Z] ShutdownReqHand - _handle - About to shutdown
[INFO  - 2019-03-29T04:48:39.738Z] GhostDriver - Main - running on port 25843
[INFO  - 2019-03-29T04:48:39.783Z] Session [ebd5a420-51dd-11e9-8fe0-a19c15192119] - page.settings - {"XSSAuditingEnabled":false,"javascriptCanCloseWindows":true,"javascriptCanOpenWindows":true,"javascriptEnabled":true,"loadImages":true,"localToRemoteUrlAccessEnabled":false,"userAgent":"Mozilla/5.0 (Windows NT 6.2; WOW64) AppleWebKit/538.1 (KHTML, like Gecko) PhantomJS/2.1.1 Safari/538.1","webSecurityEnabled":true}
[INFO  - 2019-03-29T04:48:39.783Z] Session [ebd5a420-51dd-11e9-8fe0-a19c15192119] - page.customHeaders:  - {}
[INFO  - 2019-03-29T04:48:39.784Z] Session [ebd5a420-51dd-11e9-8fe0-a19c15192119] - Session.negotiatedCapabilities - {"browserName":"phantomjs","version":"2.1.1","driverName":"ghostdriver","driverVersion":"1.2.0","platform":"windows-10-32bit","javascriptEnabled":true,"takesScreenshot":true,"handlesAlerts":false,"databaseEnabled":false,"locationContextEnabled":false,"applicationCacheEnabled":false,"browserConnectionEnabled":false,"cssSelectorsEnabled":true,"webStorageEnabled":false,"rotatable":false,"acceptSslCerts":false,"nativeEvents":true,"proxy":{"proxyType":"direct"}}
[INFO  - 2019-03-29T04:48:39.784Z] SessionManagerReqHand - _postNewSessionCommand - New Session Created: ebd5a420-51dd-11e9-8fe0-a19c15192119
[INFO  - 2019-03-29T04:48:41.595Z] ShutdownReqHand - _handle - About to shutdown
[INFO  - 2019-03-29T04:48:43.653Z] GhostDriver - Main - running on port 4031
[INFO  - 2019-03-29T04:48:43.717Z] Session [ee2dc4f0-51dd-11e9-b869-0f8dbad715c1] - page.settings - {"XSSAuditingEnabled":false,"javascriptCanCloseWindows":true,"javascriptCanOpenWindows":true,"javascriptEnabled":true,"loadImages":true,"localToRemoteUrlAccessEnabled":false,"userAgent":"Mozilla/5.0 (Windows NT 6.2; WOW64) AppleWebKit/538.1 (KHTML, like Gecko) PhantomJS/2.1.1 Safari/538.1","webSecurityEnabled":true}
[INFO  - 2019-03-29T04:48:43.717Z] Session [ee2dc4f0-51dd-11e9-b869-0f8dbad715c1] - page.customHeaders:  - {}
[INFO  - 2019-03-29T04:48:43.717Z] Session [ee2dc4f0-51dd-11e9-b869-0f8dbad715c1] - Session.negotiatedCapabilities - {"browserName":"phantomjs","version":"2.1.1","driverName":"ghostdriver","driverVersion":"1.2.0","platform":"windows-10-32bit","javascriptEnabled":true,"takesScreenshot":true,"handlesAlerts":false,"databaseEnabled":false,"locationContextEnabled":false,"applicationCacheEnabled":false,"browserConnectionEnabled":false,"cssSelectorsEnabled":true,"webStorageEnabled":false,"rotatable":false,"acceptSslCerts":false,"nativeEvents":true,"proxy":{"proxyType":"direct"}}
[INFO  - 2019-03-29T04:48:43.717Z] SessionManagerReqHand - _postNewSessionCommand - New Session Created: ee2dc4f0-51dd-11e9-b869-0f8dbad715c1
[INFO  - 2019-03-29T04:48:45.580Z] ShutdownReqHand - _handle - About to shutdown
[INFO  - 2019-03-29T04:50:54.796Z] GhostDriver - Main - running on port 28790
[INFO  - 2019-03-29T04:50:55.349Z] Session [3ca337f0-51de-11e9-9eaf-576e71eb80a0] - page.settings - {"XSSAuditingEnabled":false,"javascriptCanCloseWindows":true,"javascriptCanOpenWindows":true,"javascriptEnabled":true,"loadImages":true,"localToRemoteUrlAccessEnabled":false,"userAgent":"Mozilla/5.0 (Windows NT 6.2; WOW64) AppleWebKit/538.1 (KHTML, like Gecko) PhantomJS/2.1.1 Safari/538.1","webSecurityEnabled":true}
[INFO  - 2019-03-29T04:50:55.349Z] Session [3ca337f0-51de-11e9-9eaf-576e71eb80a0] - page.customHeaders:  - {}
[INFO  - 2019-03-29T04:50:55.349Z] Session [3ca337f0-51de-11e9-9eaf-576e71eb80a0] - Session.negotiatedCapabilities - {"browserName":"phantomjs","version":"2.1.1","driverName":"ghostdriver","driverVersion":"1.2.0","platform":"windows-10-32bit","javascriptEnabled":true,"takesScreenshot":true,"handlesAlerts":false,"databaseEnabled":false,"locationContextEnabled":false,"applicationCacheEnabled":false,"browserConnectionEnabled":false,"cssSelectorsEnabled":true,"webStorageEnabled":false,"rotatable":false,"acceptSslCerts":false,"nativeEvents":true,"proxy":{"proxyType":"direct"}}
[INFO  - 2019-03-29T04:50:55.349Z] SessionManagerReqHand - _postNewSessionCommand - New Session Created: 3ca337f0-51de-11e9-9eaf-576e71eb80a0
[INFO  - 2019-03-29T04:55:54.793Z] SessionManagerReqHand - _cleanupWindowlessSessions - Asynchronous Sessions clean-up phase starting NOW
[INFO  - 2019-03-29T05:00:54.793Z] SessionManagerReqHand - _cleanupWindowlessSessions - Asynchronous Sessions clean-up phase starting NOW
[INFO  - 2019-03-29T05:00:58.170Z] ShutdownReqHand - _handle - About to shutdown
[INFO  - 2019-03-29T05:01:00.954Z] GhostDriver - Main - running on port 25125
[INFO  - 2019-03-29T05:01:00.991Z] Session [a5a101a0-51df-11e9-8fb8-6f72060ba6d8] - page.settings - {"XSSAuditingEnabled":false,"javascriptCanCloseWindows":true,"javascriptCanOpenWindows":true,"javascriptEnabled":true,"loadImages":true,"localToRemoteUrlAccessEnabled":false,"userAgent":"Mozilla/5.0 (Windows NT 6.2; WOW64) AppleWebKit/538.1 (KHTML, like Gecko) PhantomJS/2.1.1 Safari/538.1","webSecurityEnabled":true}
[INFO  - 2019-03-29T05:01:00.991Z] Session [a5a101a0-51df-11e9-8fb8-6f72060ba6d8] - page.customHeaders:  - {}
[INFO  - 2019-03-29T05:01:00.992Z] Session [a5a101a0-51df-11e9-8fb8-6f72060ba6d8] - Session.negotiatedCapabilities - {"browserName":"phantomjs","version":"2.1.1","driverName":"ghostdriver","driverVersion":"1.2.0","platform":"windows-10-32bit","javascriptEnabled":true,"takesScreenshot":true,"handlesAlerts":false,"databaseEnabled":false,"locationContextEnabled":false,"applicationCacheEnabled":false,"browserConnectionEnabled":false,"cssSelectorsEnabled":true,"webStorageEnabled":false,"rotatable":false,"acceptSslCerts":false,"nativeEvents":true,"proxy":{"proxyType":"direct"}}
[INFO  - 2019-03-29T05:01:00.992Z] SessionManagerReqHand - _postNewSessionCommand - New Session Created: a5a101a0-51df-11e9-8fb8-6f72060ba6d8
[INFO  - 2019-03-29T05:01:10.322Z] ShutdownReqHand - _handle - About to shutdown
[INFO  - 2019-03-29T05:01:13.754Z] GhostDriver - Main - running on port 6796
[INFO  - 2019-03-29T05:01:13.806Z] Session [ad43cf50-51df-11e9-aa13-29c6de37a6f9] - page.settings - {"XSSAuditingEnabled":false,"javascriptCanCloseWindows":true,"javascriptCanOpenWindows":true,"javascriptEnabled":true,"loadImages":true,"localToRemoteUrlAccessEnabled":false,"userAgent":"Mozilla/5.0 (Windows NT 6.2; WOW64) AppleWebKit/538.1 (KHTML, like Gecko) PhantomJS/2.1.1 Safari/538.1","webSecurityEnabled":true}
[INFO  - 2019-03-29T05:01:13.806Z] Session [ad43cf50-51df-11e9-aa13-29c6de37a6f9] - page.customHeaders:  - {}
[INFO  - 2019-03-29T05:01:13.807Z] Session [ad43cf50-51df-11e9-aa13-29c6de37a6f9] - Session.negotiatedCapabilities - {"browserName":"phantomjs","version":"2.1.1","driverName":"ghostdriver","driverVersion":"1.2.0","platform":"windows-10-32bit","javascriptEnabled":true,"takesScreenshot":true,"handlesAlerts":false,"databaseEnabled":false,"locationContextEnabled":false,"applicationCacheEnabled":false,"browserConnectionEnabled":false,"cssSelectorsEnabled":true,"webStorageEnabled":false,"rotatable":false,"acceptSslCerts":false,"nativeEvents":true,"proxy":{"proxyType":"direct"}}
[INFO  - 2019-03-29T05:01:13.807Z] SessionManagerReqHand - _postNewSessionCommand - New Session Created: ad43cf50-51df-11e9-aa13-29c6de37a6f9
[INFO  - 2019-03-29T05:01:21.815Z] ShutdownReqHand - _handle - About to shutdown
[INFO  - 2019-03-29T05:08:18.015Z] GhostDriver - Main - running on port 42133
[INFO  - 2019-03-29T05:08:19.017Z] Session [aab67840-51e0-11e9-8761-6505834672cb] - page.settings - {"XSSAuditingEnabled":false,"javascriptCanCloseWindows":true,"javascriptCanOpenWindows":true,"javascriptEnabled":true,"loadImages":true,"localToRemoteUrlAccessEnabled":false,"userAgent":"Mozilla/5.0 (Windows NT 6.2; WOW64) AppleWebKit/538.1 (KHTML, like Gecko) PhantomJS/2.1.1 Safari/538.1","webSecurityEnabled":true}
[INFO  - 2019-03-29T05:08:19.017Z] Session [aab67840-51e0-11e9-8761-6505834672cb] - page.customHeaders:  - {}
[INFO  - 2019-03-29T05:08:19.018Z] Session [aab67840-51e0-11e9-8761-6505834672cb] - Session.negotiatedCapabilities - {"browserName":"phantomjs","version":"2.1.1","driverName":"ghostdriver","driverVersion":"1.2.0","platform":"windows-10-32bit","javascriptEnabled":true,"takesScreenshot":true,"handlesAlerts":false,"databaseEnabled":false,"locationContextEnabled":false,"applicationCacheEnabled":false,"browserConnectionEnabled":false,"cssSelectorsEnabled":true,"webStorageEnabled":false,"rotatable":false,"acceptSslCerts":false,"nativeEvents":true,"proxy":{"proxyType":"direct"}}
[INFO  - 2019-03-29T05:08:19.018Z] SessionManagerReqHand - _postNewSessionCommand - New Session Created: aab67840-51e0-11e9-8761-6505834672cb
[INFO  - 2019-03-29T05:08:21.225Z] ShutdownReqHand - _handle - About to shutdown
[INFO  - 2019-03-29T05:08:23.408Z] GhostDriver - Main - running on port 37231
[INFO  - 2019-03-29T05:08:23.956Z] Session [ada7a4c0-51e0-11e9-ab40-01feb4231ed8] - page.settings - {"XSSAuditingEnabled":false,"javascriptCanCloseWindows":true,"javascriptCanOpenWindows":true,"javascriptEnabled":true,"loadImages":true,"localToRemoteUrlAccessEnabled":false,"userAgent":"Mozilla/5.0 (Windows NT 6.2; WOW64) AppleWebKit/538.1 (KHTML, like Gecko) PhantomJS/2.1.1 Safari/538.1","webSecurityEnabled":true}
[INFO  - 2019-03-29T05:08:23.956Z] Session [ada7a4c0-51e0-11e9-ab40-01feb4231ed8] - page.customHeaders:  - {}
[INFO  - 2019-03-29T05:08:23.956Z] Session [ada7a4c0-51e0-11e9-ab40-01feb4231ed8] - Session.negotiatedCapabilities - {"browserName":"phantomjs","version":"2.1.1","driverName":"ghostdriver","driverVersion":"1.2.0","platform":"windows-10-32bit","javascriptEnabled":true,"takesScreenshot":true,"handlesAlerts":false,"databaseEnabled":false,"locationContextEnabled":false,"applicationCacheEnabled":false,"browserConnectionEnabled":false,"cssSelectorsEnabled":true,"webStorageEnabled":false,"rotatable":false,"acceptSslCerts":false,"nativeEvents":true,"proxy":{"proxyType":"direct"}}
[INFO  - 2019-03-29T05:08:23.956Z] SessionManagerReqHand - _postNewSessionCommand - New Session Created: ada7a4c0-51e0-11e9-ab40-01feb4231ed8
[INFO  - 2019-03-29T05:08:25.986Z] ShutdownReqHand - _handle - About to shutdown
[INFO  - 2019-03-29T05:09:39.847Z] GhostDriver - Main - running on port 21553
[INFO  - 2019-03-29T05:09:40.380Z] Session [db355360-51e0-11e9-863e-a388332c893a] - page.settings - {"XSSAuditingEnabled":false,"javascriptCanCloseWindows":true,"javascriptCanOpenWindows":true,"javascriptEnabled":true,"loadImages":true,"localToRemoteUrlAccessEnabled":false,"userAgent":"Mozilla/5.0 (Windows NT 6.2; WOW64) AppleWebKit/538.1 (KHTML, like Gecko) PhantomJS/2.1.1 Safari/538.1","webSecurityEnabled":true}
[INFO  - 2019-03-29T05:09:40.380Z] Session [db355360-51e0-11e9-863e-a388332c893a] - page.customHeaders:  - {}
[INFO  - 2019-03-29T05:09:40.380Z] Session [db355360-51e0-11e9-863e-a388332c893a] - Session.negotiatedCapabilities - {"browserName":"phantomjs","version":"2.1.1","driverName":"ghostdriver","driverVersion":"1.2.0","platform":"windows-10-32bit","javascriptEnabled":true,"takesScreenshot":true,"handlesAlerts":false,"databaseEnabled":false,"locationContextEnabled":false,"applicationCacheEnabled":false,"browserConnectionEnabled":false,"cssSelectorsEnabled":true,"webStorageEnabled":false,"rotatable":false,"acceptSslCerts":false,"nativeEvents":true,"proxy":{"proxyType":"direct"}}
[INFO  - 2019-03-29T05:09:40.381Z] SessionManagerReqHand - _postNewSessionCommand - New Session Created: db355360-51e0-11e9-863e-a388332c893a
[INFO  - 2019-03-29T05:09:42.770Z] ShutdownReqHand - _handle - About to shutdown
[INFO  - 2019-03-29T05:09:44.850Z] GhostDriver - Main - running on port 42669
[INFO  - 2019-03-29T05:09:44.945Z] Session [ddedbca0-51e0-11e9-9e4e-4b3237bfd7b6] - page.settings - {"XSSAuditingEnabled":false,"javascriptCanCloseWindows":true,"javascriptCanOpenWindows":true,"javascriptEnabled":true,"loadImages":true,"localToRemoteUrlAccessEnabled":false,"userAgent":"Mozilla/5.0 (Windows NT 6.2; WOW64) AppleWebKit/538.1 (KHTML, like Gecko) PhantomJS/2.1.1 Safari/538.1","webSecurityEnabled":true}
[INFO  - 2019-03-29T05:09:44.945Z] Session [ddedbca0-51e0-11e9-9e4e-4b3237bfd7b6] - page.customHeaders:  - {}
[INFO  - 2019-03-29T05:09:44.945Z] Session [ddedbca0-51e0-11e9-9e4e-4b3237bfd7b6] - Session.negotiatedCapabilities - {"browserName":"phantomjs","version":"2.1.1","driverName":"ghostdriver","driverVersion":"1.2.0","platform":"windows-10-32bit","javascriptEnabled":true,"takesScreenshot":true,"handlesAlerts":false,"databaseEnabled":false,"locationContextEnabled":false,"applicationCacheEnabled":false,"browserConnectionEnabled":false,"cssSelectorsEnabled":true,"webStorageEnabled":false,"rotatable":false,"acceptSslCerts":false,"nativeEvents":true,"proxy":{"proxyType":"direct"}}
[INFO  - 2019-03-29T05:09:44.945Z] SessionManagerReqHand - _postNewSessionCommand - New Session Created: ddedbca0-51e0-11e9-9e4e-4b3237bfd7b6
[INFO  - 2019-03-29T05:11:33.443Z] GhostDriver - Main - running on port 4051
[INFO  - 2019-03-29T05:11:33.892Z] Session [1ede08f0-51e1-11e9-ab2f-a9509476b3e0] - page.settings - {"XSSAuditingEnabled":false,"javascriptCanCloseWindows":true,"javascriptCanOpenWindows":true,"javascriptEnabled":true,"loadImages":true,"localToRemoteUrlAccessEnabled":false,"userAgent":"Mozilla/5.0 (Windows NT 6.2; WOW64) AppleWebKit/538.1 (KHTML, like Gecko) PhantomJS/2.1.1 Safari/538.1","webSecurityEnabled":true}
[INFO  - 2019-03-29T05:11:33.892Z] Session [1ede08f0-51e1-11e9-ab2f-a9509476b3e0] - page.customHeaders:  - {}
[INFO  - 2019-03-29T05:11:33.892Z] Session [1ede08f0-51e1-11e9-ab2f-a9509476b3e0] - Session.negotiatedCapabilities - {"browserName":"phantomjs","version":"2.1.1","driverName":"ghostdriver","driverVersion":"1.2.0","platform":"windows-10-32bit","javascriptEnabled":true,"takesScreenshot":true,"handlesAlerts":false,"databaseEnabled":false,"locationContextEnabled":false,"applicationCacheEnabled":false,"browserConnectionEnabled":false,"cssSelectorsEnabled":true,"webStorageEnabled":false,"rotatable":false,"acceptSslCerts":false,"nativeEvents":true,"proxy":{"proxyType":"direct"}}
[INFO  - 2019-03-29T05:11:33.893Z] SessionManagerReqHand - _postNewSessionCommand - New Session Created: 1ede08f0-51e1-11e9-ab2f-a9509476b3e0
[INFO  - 2019-03-29T05:11:36.308Z] ShutdownReqHand - _handle - About to shutdown
[INFO  - 2019-03-29T05:11:38.389Z] GhostDriver - Main - running on port 20834
[INFO  - 2019-03-29T05:11:38.427Z] Session [2191de50-51e1-11e9-8530-e1d74ed186d1] - page.settings - {"XSSAuditingEnabled":false,"javascriptCanCloseWindows":true,"javascriptCanOpenWindows":true,"javascriptEnabled":true,"loadImages":true,"localToRemoteUrlAccessEnabled":false,"userAgent":"Mozilla/5.0 (Windows NT 6.2; WOW64) AppleWebKit/538.1 (KHTML, like Gecko) PhantomJS/2.1.1 Safari/538.1","webSecurityEnabled":true}
[INFO  - 2019-03-29T05:11:38.427Z] Session [2191de50-51e1-11e9-8530-e1d74ed186d1] - page.customHeaders:  - {}
[INFO  - 2019-03-29T05:11:38.427Z] Session [2191de50-51e1-11e9-8530-e1d74ed186d1] - Session.negotiatedCapabilities - {"browserName":"phantomjs","version":"2.1.1","driverName":"ghostdriver","driverVersion":"1.2.0","platform":"windows-10-32bit","javascriptEnabled":true,"takesScreenshot":true,"handlesAlerts":false,"databaseEnabled":false,"locationContextEnabled":false,"applicationCacheEnabled":false,"browserConnectionEnabled":false,"cssSelectorsEnabled":true,"webStorageEnabled":false,"rotatable":false,"acceptSslCerts":false,"nativeEvents":true,"proxy":{"proxyType":"direct"}}
[INFO  - 2019-03-29T05:11:38.427Z] SessionManagerReqHand - _postNewSessionCommand - New Session Created: 2191de50-51e1-11e9-8530-e1d74ed186d1
[INFO  - 2019-03-29T05:11:40.592Z] ShutdownReqHand - _handle - About to shutdown
[INFO  - 2019-03-29T05:11:42.662Z] GhostDriver - Main - running on port 37546
[INFO  - 2019-03-29T05:11:42.711Z] Session [241f8e10-51e1-11e9-8e50-8397cc3b98a1] - page.settings - {"XSSAuditingEnabled":false,"javascriptCanCloseWindows":true,"javascriptCanOpenWindows":true,"javascriptEnabled":true,"loadImages":true,"localToRemoteUrlAccessEnabled":false,"userAgent":"Mozilla/5.0 (Windows NT 6.2; WOW64) AppleWebKit/538.1 (KHTML, like Gecko) PhantomJS/2.1.1 Safari/538.1","webSecurityEnabled":true}
[INFO  - 2019-03-29T05:11:42.711Z] Session [241f8e10-51e1-11e9-8e50-8397cc3b98a1] - page.customHeaders:  - {}
[INFO  - 2019-03-29T05:11:42.712Z] Session [241f8e10-51e1-11e9-8e50-8397cc3b98a1] - Session.negotiatedCapabilities - {"browserName":"phantomjs","version":"2.1.1","driverName":"ghostdriver","driverVersion":"1.2.0","platform":"windows-10-32bit","javascriptEnabled":true,"takesScreenshot":true,"handlesAlerts":false,"databaseEnabled":false,"locationContextEnabled":false,"applicationCacheEnabled":false,"browserConnectionEnabled":false,"cssSelectorsEnabled":true,"webStorageEnabled":false,"rotatable":false,"acceptSslCerts":false,"nativeEvents":true,"proxy":{"proxyType":"direct"}}
[INFO  - 2019-03-29T05:11:42.712Z] SessionManagerReqHand - _postNewSessionCommand - New Session Created: 241f8e10-51e1-11e9-8e50-8397cc3b98a1
[INFO  - 2019-03-29T05:11:44.829Z] ShutdownReqHand - _handle - About to shutdown
[INFO  - 2019-04-01T03:49:35.745Z] GhostDriver - Main - running on port 28849
[INFO  - 2019-04-01T03:49:36.157Z] Session [2ae85270-5431-11e9-870c-715314659fc5] - page.settings - {"XSSAuditingEnabled":false,"javascriptCanCloseWindows":true,"javascriptCanOpenWindows":true,"javascriptEnabled":true,"loadImages":true,"localToRemoteUrlAccessEnabled":false,"userAgent":"Mozilla/5.0 (Windows NT 6.2; WOW64) AppleWebKit/538.1 (KHTML, like Gecko) PhantomJS/2.1.1 Safari/538.1","webSecurityEnabled":true}
[INFO  - 2019-04-01T03:49:36.157Z] Session [2ae85270-5431-11e9-870c-715314659fc5] - page.customHeaders:  - {}
[INFO  - 2019-04-01T03:49:36.157Z] Session [2ae85270-5431-11e9-870c-715314659fc5] - Session.negotiatedCapabilities - {"browserName":"phantomjs","version":"2.1.1","driverName":"ghostdriver","driverVersion":"1.2.0","platform":"windows-10-32bit","javascriptEnabled":true,"takesScreenshot":true,"handlesAlerts":false,"databaseEnabled":false,"locationContextEnabled":false,"applicationCacheEnabled":false,"browserConnectionEnabled":false,"cssSelectorsEnabled":true,"webStorageEnabled":false,"rotatable":false,"acceptSslCerts":false,"nativeEvents":true,"proxy":{"proxyType":"direct"}}
[INFO  - 2019-04-01T03:49:36.157Z] SessionManagerReqHand - _postNewSessionCommand - New Session Created: 2ae85270-5431-11e9-870c-715314659fc5
[INFO  - 2019-04-01T03:49:38.252Z] ShutdownReqHand - _handle - About to shutdown
[INFO  - 2019-04-01T03:49:40.356Z] GhostDriver - Main - running on port 9269
[INFO  - 2019-04-01T03:49:40.400Z] Session [2d6f7280-5431-11e9-8a74-7f8f544f4eef] - page.settings - {"XSSAuditingEnabled":false,"javascriptCanCloseWindows":true,"javascriptCanOpenWindows":true,"javascriptEnabled":true,"loadImages":true,"localToRemoteUrlAccessEnabled":false,"userAgent":"Mozilla/5.0 (Windows NT 6.2; WOW64) AppleWebKit/538.1 (KHTML, like Gecko) PhantomJS/2.1.1 Safari/538.1","webSecurityEnabled":true}
[INFO  - 2019-04-01T03:49:40.400Z] Session [2d6f7280-5431-11e9-8a74-7f8f544f4eef] - page.customHeaders:  - {}
[INFO  - 2019-04-01T03:49:40.400Z] Session [2d6f7280-5431-11e9-8a74-7f8f544f4eef] - Session.negotiatedCapabilities - {"browserName":"phantomjs","version":"2.1.1","driverName":"ghostdriver","driverVersion":"1.2.0","platform":"windows-10-32bit","javascriptEnabled":true,"takesScreenshot":true,"handlesAlerts":false,"databaseEnabled":false,"locationContextEnabled":false,"applicationCacheEnabled":false,"browserConnectionEnabled":false,"cssSelectorsEnabled":true,"webStorageEnabled":false,"rotatable":false,"acceptSslCerts":false,"nativeEvents":true,"proxy":{"proxyType":"direct"}}
[INFO  - 2019-04-01T03:49:40.400Z] SessionManagerReqHand - _postNewSessionCommand - New Session Created: 2d6f7280-5431-11e9-8a74-7f8f544f4eef
