2019-01-14 19:21:09 [api.util.ParseExcel]-[INFO] 文件目录：/E:/testSeleniumAndAppium/target/test-classes/excel/1.xlsx
2019-01-14 19:21:11 [api.util.ParseExcel]-[INFO] 访问的sheet的名字：Sheet1
2019-01-14 19:21:11 [api.util.ParseExcel]-[INFO] Sheet1可读取行数为：2
2019-01-14 19:21:11 [api.util.ParseExcel]-[INFO] 访问的sheet的名字：Sheet1
2019-01-14 19:21:11 [api.util.ParseExcel]-[INFO] Sheet1可读取行数为：2
2019-01-14 19:22:43 [api.util.ParseExcel]-[INFO] 文件目录：/E:/testSeleniumAndAppium/target/test-classes/excel/1.xlsx
2019-01-14 19:22:44 [api.util.ParseExcel]-[INFO] 访问的sheet的名字：Sheet1
2019-01-14 19:22:44 [api.util.ParseExcel]-[INFO] Sheet1可读取行数为：2
2019-01-14 19:22:44 [api.util.ParseExcel]-[INFO] 访问的sheet的名字：Sheet1
2019-01-14 19:22:44 [api.util.ParseExcel]-[INFO] Sheet1可读取行数为：2
2019-01-14 19:23:14 [api.util.ParseExcel]-[INFO] 文件目录：/E:/testSeleniumAndAppium/target/test-classes/excel/1.xlsx
2019-01-14 19:23:15 [api.util.ParseExcel]-[INFO] 访问的sheet的名字：Sheet1
2019-01-14 19:23:15 [api.util.ParseExcel]-[INFO] Sheet1可读取行数为：2
2019-01-14 19:23:15 [api.util.ParseExcel]-[INFO] 访问的sheet的名字：Sheet1
2019-01-14 19:23:15 [api.util.ParseExcel]-[INFO] Sheet1可读取行数为：2
2019-01-14 19:23:22 [BMSWeb.sevice.ProcessService]-[INFO] 用户名输入框1查找成功^_^：//*[@id='kw']
2019-01-14 19:23:23 [BMSWeb.sevice.ProcessService]-[INFO] 用户名输入框1查找成功^_^：//*[@id='u']/a[1]
2019-01-14 19:24:44 [api.util.ParseExcel]-[INFO] 文件目录：/E:/testSeleniumAndAppium/target/test-classes/excel/1.xlsx
2019-01-14 19:24:46 [api.util.ParseExcel]-[INFO] 访问的sheet的名字：Sheet1
2019-01-14 19:24:46 [api.util.ParseExcel]-[INFO] Sheet1可读取行数为：2
2019-01-14 19:24:46 [api.util.ParseExcel]-[INFO] 访问的sheet的名字：Sheet1
2019-01-14 19:24:46 [api.util.ParseExcel]-[INFO] Sheet1可读取行数为：2
2019-01-14 19:24:52 [BMSWeb.sevice.ProcessService]-[INFO] 用户名输入框查找成功^_^：//*[@id='kw']
2019-01-14 19:24:53 [BMSWeb.sevice.ProcessService]-[INFO] 用户名输入框查找成功^_^：//*[@id='u']/a[1]
2019-01-14 19:25:47 [api.util.ParseExcel]-[INFO] 文件目录：/E:/testSeleniumAndAppium/target/test-classes/excel/1.xlsx
2019-01-14 19:25:48 [api.util.ParseExcel]-[INFO] 访问的sheet的名字：Sheet1
2019-01-14 19:25:48 [api.util.ParseExcel]-[INFO] Sheet1可读取行数为：2
2019-01-14 19:25:48 [api.util.ParseExcel]-[INFO] 访问的sheet的名字：Sheet1
2019-01-14 19:25:48 [api.util.ParseExcel]-[INFO] Sheet1可读取行数为：2
2019-01-14 19:25:54 [BMSWeb.sevice.ProcessService]-[INFO] 用户名输入框1查找成功^_^：//*[@id='kw']
2019-01-14 19:25:54 [BMSWeb.sevice.ProcessService]-[INFO] 用户名输入框1查找成功^_^：//*[@id='u']/a[1]
2019-01-14 19:26:38 [api.util.ParseExcel]-[INFO] 文件目录：/E:/testSeleniumAndAppium/target/test-classes/excel/1.xlsx
2019-01-14 19:26:40 [api.util.ParseExcel]-[INFO] 访问的sheet的名字：Sheet1
2019-01-14 19:26:40 [api.util.ParseExcel]-[INFO] Sheet1可读取行数为：2
2019-01-14 19:26:40 [api.util.ParseExcel]-[INFO] 访问的sheet的名字：Sheet1
2019-01-14 19:26:40 [api.util.ParseExcel]-[INFO] Sheet1可读取行数为：2
