2018-11-08 16:16:35 [org.springframework.test.context.support.DefaultTestContextBootstrapper]-[INFO] Could not instantiate TestExecutionListener [org.springframework.test.context.web.ServletTestExecutionListener]. Specify custom listener classes or make the default listener classes (and their required dependencies) available. Offending class: [javax/servlet/ServletContext]
2018-11-08 16:16:35 [org.springframework.test.context.support.DefaultTestContextBootstrapper]-[INFO] Using TestExecutionListeners: [org.springframework.test.context.support.DirtiesContextBeforeModesTestExecutionListener@37d31475, org.springframework.test.context.support.DependencyInjectionTestExecutionListener@27808f31, org.springframework.test.context.support.DirtiesContextTestExecutionListener@436e852b]
2018-11-08 16:16:35 [org.springframework.beans.factory.xml.XmlBeanDefinitionReader]-[INFO] Loading XML bean definitions from URL [file:/E:/testSeleniumAndAppium/target/classes/spring-config.xml]
2018-11-08 16:16:35 [org.springframework.context.support.GenericApplicationContext]-[INFO] Refreshing org.springframework.context.support.GenericApplicationContext@15b3e5b: startup date [Thu Nov 08 16:16:35 CST 2018]; root of context hierarchy
2018-11-08 16:16:36 [org.springframework.beans.factory.annotation.AutowiredAnnotationBeanPostProcessor]-[INFO] JSR-330 'javax.inject.Inject' annotation found and supported for autowiring
2018-11-08 16:16:36 [org.springframework.jdbc.datasource.DriverManagerDataSource]-[INFO] Loaded JDBC driver: com.mysql.jdbc.Driver
2018-11-08 16:16:37 [org.springframework.jdbc.datasource.DriverManagerDataSource]-[INFO] Loaded JDBC driver: com.mysql.jdbc.Driver
2018-11-08 16:16:59 [org.springframework.context.support.GenericApplicationContext]-[INFO] Closing org.springframework.context.support.GenericApplicationContext@15b3e5b: startup date [Thu Nov 08 16:16:35 CST 2018]; root of context hierarchy
2018-11-08 16:17:50 [org.springframework.test.context.support.DefaultTestContextBootstrapper]-[INFO] Could not instantiate TestExecutionListener [org.springframework.test.context.web.ServletTestExecutionListener]. Specify custom listener classes or make the default listener classes (and their required dependencies) available. Offending class: [javax/servlet/ServletContext]
2018-11-08 16:17:50 [org.springframework.test.context.support.DefaultTestContextBootstrapper]-[INFO] Using TestExecutionListeners: [org.springframework.test.context.support.DirtiesContextBeforeModesTestExecutionListener@37d31475, org.springframework.test.context.support.DependencyInjectionTestExecutionListener@27808f31, org.springframework.test.context.support.DirtiesContextTestExecutionListener@436e852b]
2018-11-08 16:17:50 [org.springframework.beans.factory.xml.XmlBeanDefinitionReader]-[INFO] Loading XML bean definitions from URL [file:/E:/testSeleniumAndAppium/target/classes/spring-config.xml]
2018-11-08 16:17:51 [org.springframework.context.support.GenericApplicationContext]-[INFO] Refreshing org.springframework.context.support.GenericApplicationContext@15b3e5b: startup date [Thu Nov 08 16:17:51 CST 2018]; root of context hierarchy
2018-11-08 16:17:51 [org.springframework.beans.factory.annotation.AutowiredAnnotationBeanPostProcessor]-[INFO] JSR-330 'javax.inject.Inject' annotation found and supported for autowiring
2018-11-08 16:17:51 [org.springframework.jdbc.datasource.DriverManagerDataSource]-[INFO] Loaded JDBC driver: com.mysql.jdbc.Driver
2018-11-08 16:17:52 [org.springframework.jdbc.datasource.DriverManagerDataSource]-[INFO] Loaded JDBC driver: com.mysql.jdbc.Driver
2018-11-08 16:18:14 [org.springframework.context.support.GenericApplicationContext]-[INFO] Closing org.springframework.context.support.GenericApplicationContext@15b3e5b: startup date [Thu Nov 08 16:17:51 CST 2018]; root of context hierarchy
2018-11-08 16:23:21 [org.springframework.test.context.support.DefaultTestContextBootstrapper]-[INFO] Could not instantiate TestExecutionListener [org.springframework.test.context.web.ServletTestExecutionListener]. Specify custom listener classes or make the default listener classes (and their required dependencies) available. Offending class: [javax/servlet/ServletContext]
2018-11-08 16:23:21 [org.springframework.test.context.support.DefaultTestContextBootstrapper]-[INFO] Using TestExecutionListeners: [org.springframework.test.context.support.DirtiesContextBeforeModesTestExecutionListener@37d31475, org.springframework.test.context.support.DependencyInjectionTestExecutionListener@27808f31, org.springframework.test.context.support.DirtiesContextTestExecutionListener@436e852b]
2018-11-08 16:23:21 [org.springframework.beans.factory.xml.XmlBeanDefinitionReader]-[INFO] Loading XML bean definitions from URL [file:/E:/testSeleniumAndAppium/target/classes/spring-config.xml]
2018-11-08 16:23:22 [org.springframework.context.support.GenericApplicationContext]-[INFO] Refreshing org.springframework.context.support.GenericApplicationContext@15b3e5b: startup date [Thu Nov 08 16:23:22 CST 2018]; root of context hierarchy
2018-11-08 16:23:22 [org.springframework.beans.factory.annotation.AutowiredAnnotationBeanPostProcessor]-[INFO] JSR-330 'javax.inject.Inject' annotation found and supported for autowiring
2018-11-08 16:23:22 [org.springframework.jdbc.datasource.DriverManagerDataSource]-[INFO] Loaded JDBC driver: com.mysql.jdbc.Driver
2018-11-08 16:23:23 [org.springframework.jdbc.datasource.DriverManagerDataSource]-[INFO] Loaded JDBC driver: com.mysql.jdbc.Driver
2018-11-08 16:23:44 [org.springframework.context.support.GenericApplicationContext]-[INFO] Closing org.springframework.context.support.GenericApplicationContext@15b3e5b: startup date [Thu Nov 08 16:23:22 CST 2018]; root of context hierarchy
2018-11-08 16:26:18 [org.springframework.test.context.support.DefaultTestContextBootstrapper]-[INFO] Could not instantiate TestExecutionListener [org.springframework.test.context.web.ServletTestExecutionListener]. Specify custom listener classes or make the default listener classes (and their required dependencies) available. Offending class: [javax/servlet/ServletContext]
2018-11-08 16:26:18 [org.springframework.test.context.support.DefaultTestContextBootstrapper]-[INFO] Using TestExecutionListeners: [org.springframework.test.context.support.DirtiesContextBeforeModesTestExecutionListener@27808f31, org.springframework.test.context.support.DependencyInjectionTestExecutionListener@436e852b, org.springframework.test.context.support.DirtiesContextTestExecutionListener@32d2fa64]
2018-11-08 16:26:19 [org.springframework.beans.factory.xml.XmlBeanDefinitionReader]-[INFO] Loading XML bean definitions from URL [file:/E:/testSeleniumAndAppium/target/classes/spring-config.xml]
2018-11-08 16:26:19 [org.springframework.context.support.GenericApplicationContext]-[INFO] Refreshing org.springframework.context.support.GenericApplicationContext@61ca2dfa: startup date [Thu Nov 08 16:26:19 CST 2018]; root of context hierarchy
2018-11-08 16:26:20 [org.springframework.beans.factory.annotation.AutowiredAnnotationBeanPostProcessor]-[INFO] JSR-330 'javax.inject.Inject' annotation found and supported for autowiring
2018-11-08 16:26:20 [org.springframework.jdbc.datasource.DriverManagerDataSource]-[INFO] Loaded JDBC driver: com.mysql.jdbc.Driver
2018-11-08 16:26:20 [org.springframework.jdbc.datasource.DriverManagerDataSource]-[INFO] Loaded JDBC driver: com.mysql.jdbc.Driver
2018-11-08 16:26:53 [org.springframework.context.support.GenericApplicationContext]-[INFO] Closing org.springframework.context.support.GenericApplicationContext@61ca2dfa: startup date [Thu Nov 08 16:26:19 CST 2018]; root of context hierarchy
2018-11-08 18:56:00 [api.util.ParseExcel]-[ERROR] 文件目录：D:\code\seleniumBms\src\test\java\resources\excel\1.xlsx;FILE_ERROR_NOTFOUND_文件未找到
2018-11-08 19:11:06 [api.util.ParseExcel]-[ERROR] 文件目录：src\test\java\resources\excel\1.xlsx;FILE_ERROR_NOTFOUND_文件未找到
2018-11-08 19:11:20 [api.util.ParseExcel]-[ERROR] 文件目录：\src\test\java\resources\excel\1.xlsx;FILE_ERROR_NOTFOUND_文件未找到
2018-11-08 19:12:13 [api.util.ParseExcel]-[ERROR] 文件目录：excel\1.xlsx;FILE_ERROR_NOTFOUND_文件未找到
2018-11-08 19:14:25 [api.util.ParseExcel]-[INFO] 文件目录：src\resource\excel\1.xlsx
2018-11-08 19:14:27 [api.util.ParseExcel]-[INFO] 访问的sheet的名字：Sheet1
2018-11-08 19:14:27 [api.util.ParseExcel]-[INFO] Sheet1可读取行数为：2
