2019-01-11 10:47:44 [api.util.ParseExcel]-[INFO] 文件目录：src\resource\excel\1.xlsx
2019-01-11 10:47:47 [api.util.ParseExcel]-[INFO] 访问的sheet的名字：Sheet1
2019-01-11 10:47:47 [api.util.ParseExcel]-[INFO] Sheet1可读取行数为：2
2019-01-11 10:48:08 [api.util.ParseExcel]-[INFO] 文件目录：src\resource\excel\1.xlsx
2019-01-11 10:48:10 [api.util.ParseExcel]-[INFO] 访问的sheet的名字：Sheet1
2019-01-11 10:48:10 [api.util.ParseExcel]-[INFO] Sheet1可读取行数为：2
2019-01-11 10:48:19 [api.util.ParseExcel]-[INFO] 文件目录：src\resource\excel\1.xlsx
2019-01-11 10:48:20 [api.util.ParseExcel]-[INFO] 访问的sheet的名字：Sheet1
2019-01-11 10:48:20 [api.util.ParseExcel]-[INFO] Sheet1可读取行数为：2
2019-01-11 10:48:50 [api.util.ParseExcel]-[INFO] 文件目录：src\resource\excel\1.xlsx
2019-01-11 10:48:51 [api.util.ParseExcel]-[INFO] 访问的sheet的名字：Sheet1
2019-01-11 10:48:51 [api.util.ParseExcel]-[INFO] Sheet1可读取行数为：2
2019-01-11 10:49:45 [api.util.ParseExcel]-[INFO] 文件目录：src\resource\excel\1.xlsx
2019-01-11 10:49:45 [api.util.ParseExcel]-[INFO] 访问的sheet的名字：Sheet1
2019-01-11 10:49:45 [api.util.ParseExcel]-[INFO] Sheet1可读取行数为：2
2019-01-11 11:33:23 [api.util.ParseExcel]-[INFO] 文件目录：src\resource\excel\1.xlsx
2019-01-11 11:33:24 [api.util.ParseExcel]-[INFO] 访问的sheet的名字：Sheet1
2019-01-11 11:33:24 [api.util.ParseExcel]-[INFO] Sheet1可读取行数为：1
2019-01-11 11:34:40 [api.util.ParseExcel]-[INFO] 文件目录：src\resource\excel\1.xlsx
2019-01-11 11:34:42 [api.util.ParseExcel]-[INFO] 访问的sheet的名字：Sheet1
2019-01-11 11:34:42 [api.util.ParseExcel]-[INFO] Sheet1可读取行数为：1
2019-01-11 11:42:07 [api.util.ParseExcel]-[INFO] 文件目录：src\resource\excel\1.xlsx
2019-01-11 11:42:08 [api.util.ParseExcel]-[INFO] 访问的sheet的名字：Sheet1
2019-01-11 11:42:08 [api.util.ParseExcel]-[INFO] Sheet1可读取行数为：1
2019-01-11 11:42:34 [api.util.ParseExcel]-[INFO] 文件目录：src\resource\excel\1.xlsx
2019-01-11 11:42:36 [api.util.ParseExcel]-[INFO] 访问的sheet的名字：Sheet1
2019-01-11 11:42:36 [api.util.ParseExcel]-[INFO] Sheet1可读取行数为：1
2019-01-11 11:44:14 [api.util.ParseExcel]-[INFO] 文件目录：src\resource\excel\1.xlsx
2019-01-11 11:44:15 [api.util.ParseExcel]-[INFO] 访问的sheet的名字：Sheet1
2019-01-11 11:44:15 [api.util.ParseExcel]-[INFO] Sheet1可读取行数为：1
2019-01-11 11:45:53 [api.util.ParseExcel]-[INFO] 文件目录：src\resource\excel\1.xlsx
2019-01-11 11:45:54 [api.util.ParseExcel]-[INFO] 访问的sheet的名字：Sheet1
2019-01-11 11:45:54 [api.util.ParseExcel]-[INFO] Sheet1可读取行数为：1
2019-01-11 11:46:24 [api.util.ParseExcel]-[INFO] 文件目录：src\resource\excel\1.xlsx
2019-01-11 11:46:25 [api.util.ParseExcel]-[INFO] 访问的sheet的名字：Sheet1
2019-01-11 11:46:25 [api.util.ParseExcel]-[INFO] Sheet1可读取行数为：1
2019-01-11 11:50:39 [api.util.ParseExcel]-[INFO] 文件目录：src\resource\excel\1.xlsx
2019-01-11 11:50:40 [api.util.ParseExcel]-[INFO] 访问的sheet的名字：Sheet1
2019-01-11 11:50:40 [api.util.ParseExcel]-[INFO] Sheet1可读取行数为：1
2019-01-11 11:52:51 [api.util.ParseExcel]-[INFO] 文件目录：src\resource\excel\1.xlsx
2019-01-11 11:52:52 [api.util.ParseExcel]-[INFO] 访问的sheet的名字：Sheet1
2019-01-11 11:52:52 [api.util.ParseExcel]-[INFO] Sheet1可读取行数为：1
2019-01-11 11:53:43 [api.util.ParseExcel]-[INFO] 文件目录：src\resource\excel\1.xlsx
2019-01-11 11:53:45 [api.util.ParseExcel]-[INFO] 访问的sheet的名字：Sheet1
2019-01-11 11:53:45 [api.util.ParseExcel]-[INFO] Sheet1可读取行数为：1
2019-01-11 12:34:17 [api.util.ParseExcel]-[INFO] 文件目录：src\resource\excel\1.xlsx
2019-01-11 12:34:19 [api.util.ParseExcel]-[INFO] 访问的sheet的名字：Sheet1
2019-01-11 12:34:19 [api.util.ParseExcel]-[INFO] Sheet1可读取行数为：1
2019-01-11 12:34:50 [api.util.ParseExcel]-[INFO] 文件目录：src\resource\excel\1.xlsx
2019-01-11 12:34:51 [api.util.ParseExcel]-[INFO] 访问的sheet的名字：Sheet1
2019-01-11 12:34:51 [api.util.ParseExcel]-[INFO] Sheet1可读取行数为：1
2019-01-11 12:36:48 [api.util.ParseExcel]-[INFO] 文件目录：src\resource\excel\1.xlsx
2019-01-11 12:36:49 [api.util.ParseExcel]-[INFO] 访问的sheet的名字：Sheet1
2019-01-11 12:36:49 [api.util.ParseExcel]-[INFO] Sheet1可读取行数为：1
2019-01-11 12:38:03 [api.util.ParseExcel]-[INFO] 文件目录：src\resource\excel\1.xlsx
2019-01-11 12:38:05 [api.util.ParseExcel]-[INFO] 访问的sheet的名字：Sheet1
2019-01-11 12:38:05 [api.util.ParseExcel]-[INFO] Sheet1可读取行数为：1
2019-01-11 12:38:41 [api.util.ParseExcel]-[INFO] 文件目录：src\resource\excel\1.xlsx
2019-01-11 12:38:42 [api.util.ParseExcel]-[INFO] 访问的sheet的名字：Sheet1
2019-01-11 12:38:42 [api.util.ParseExcel]-[INFO] Sheet1可读取行数为：1
2019-01-11 12:39:41 [api.util.ParseExcel]-[INFO] 文件目录：src\resource\excel\1.xlsx
2019-01-11 12:39:42 [api.util.ParseExcel]-[INFO] 访问的sheet的名字：Sheet1
2019-01-11 12:39:42 [api.util.ParseExcel]-[INFO] Sheet1可读取行数为：1
2019-01-11 12:44:52 [api.util.ParseExcel]-[INFO] 文件目录：src\resource\excel\1.xlsx
2019-01-11 12:44:54 [api.util.ParseExcel]-[INFO] 访问的sheet的名字：Sheet1
2019-01-11 12:44:54 [api.util.ParseExcel]-[INFO] Sheet1可读取行数为：1
2019-01-11 12:45:49 [api.util.ParseExcel]-[INFO] 文件目录：src\resource\excel\1.xlsx
2019-01-11 12:45:50 [api.util.ParseExcel]-[INFO] 访问的sheet的名字：Sheet1
2019-01-11 12:45:50 [api.util.ParseExcel]-[INFO] Sheet1可读取行数为：1
2019-01-11 12:46:31 [api.util.ParseExcel]-[INFO] 文件目录：src\resource\excel\1.xlsx
2019-01-11 12:46:34 [api.util.ParseExcel]-[INFO] 访问的sheet的名字：Sheet1
2019-01-11 12:46:34 [api.util.ParseExcel]-[INFO] Sheet1可读取行数为：1
2019-01-11 12:46:57 [api.util.ParseExcel]-[INFO] 文件目录：src\resource\excel\1.xlsx
2019-01-11 12:46:58 [api.util.ParseExcel]-[INFO] 访问的sheet的名字：Sheet1
2019-01-11 12:46:58 [api.util.ParseExcel]-[INFO] Sheet1可读取行数为：1
2019-01-11 12:47:02 [api.util.ParseExcel]-[INFO] 文件目录：src\resource\excel\1.xlsx
2019-01-11 12:47:04 [api.util.ParseExcel]-[INFO] 访问的sheet的名字：Sheet1
2019-01-11 12:47:04 [api.util.ParseExcel]-[INFO] Sheet1可读取行数为：1
2019-01-11 12:47:46 [api.util.ParseExcel]-[INFO] 文件目录：src\resource\excel\1.xlsx
2019-01-11 12:47:48 [api.util.ParseExcel]-[INFO] 访问的sheet的名字：Sheet1
2019-01-11 12:47:48 [api.util.ParseExcel]-[INFO] Sheet1可读取行数为：1
2019-01-11 12:48:46 [api.util.ParseExcel]-[INFO] 文件目录：src\resource\excel\1.xlsx
2019-01-11 12:48:47 [api.util.ParseExcel]-[INFO] 访问的sheet的名字：Sheet1
2019-01-11 12:48:47 [api.util.ParseExcel]-[INFO] Sheet1可读取行数为：1
2019-01-11 12:51:17 [api.util.ParseExcel]-[INFO] 文件目录：src\resource\excel\1.xlsx
2019-01-11 12:51:18 [api.util.ParseExcel]-[INFO] 访问的sheet的名字：Sheet1
2019-01-11 12:51:18 [api.util.ParseExcel]-[INFO] Sheet1可读取行数为：1
2019-01-11 12:51:59 [api.util.ParseExcel]-[INFO] 文件目录：src\resource\excel\1.xlsx
2019-01-11 12:52:00 [api.util.ParseExcel]-[INFO] 访问的sheet的名字：Sheet1
2019-01-11 12:52:00 [api.util.ParseExcel]-[INFO] Sheet1可读取行数为：1
2019-01-11 12:52:53 [BMSWeb.sevice.ProcessService]-[ERROR] 用户名输入框查找失败-_-
2019-01-11 12:54:01 [api.util.ParseExcel]-[INFO] 文件目录：src\resource\excel\1.xlsx
2019-01-11 12:54:02 [api.util.ParseExcel]-[INFO] 访问的sheet的名字：Sheet1
2019-01-11 12:54:02 [api.util.ParseExcel]-[INFO] Sheet1可读取行数为：1
2019-01-11 12:54:44 [BMSWeb.sevice.ProcessService]-[ERROR] 用户名输入框查找失败-_-
2019-01-11 12:56:35 [api.util.ParseExcel]-[INFO] 文件目录：src\resource\excel\1.xlsx
2019-01-11 12:56:37 [api.util.ParseExcel]-[INFO] 访问的sheet的名字：Sheet1
2019-01-11 12:56:37 [api.util.ParseExcel]-[INFO] Sheet1可读取行数为：1
2019-01-11 12:57:17 [BMSWeb.sevice.ProcessService]-[ERROR] 用户名输入框查找失败-_-
2019-01-11 12:59:10 [api.util.ParseExcel]-[INFO] 文件目录：src\resource\excel\1.xlsx
2019-01-11 12:59:11 [api.util.ParseExcel]-[INFO] 访问的sheet的名字：Sheet1
2019-01-11 12:59:11 [api.util.ParseExcel]-[INFO] Sheet1可读取行数为：1
2019-01-11 12:59:49 [BMSWeb.sevice.ProcessService]-[ERROR] 用户名输入框查找失败-_-
2019-01-11 13:02:15 [api.util.ParseExcel]-[INFO] 文件目录：src\resource\excel\1.xlsx
2019-01-11 13:02:16 [api.util.ParseExcel]-[INFO] 访问的sheet的名字：Sheet1
2019-01-11 13:02:16 [api.util.ParseExcel]-[INFO] Sheet1可读取行数为：1
2019-01-11 13:02:51 [BMSWeb.sevice.ProcessService]-[ERROR] 用户名输入框查找失败-_-
2019-01-11 13:05:21 [api.util.ParseExcel]-[INFO] 文件目录：src\resource\excel\1.xlsx
2019-01-11 13:05:23 [api.util.ParseExcel]-[INFO] 访问的sheet的名字：Sheet1
2019-01-11 13:05:23 [api.util.ParseExcel]-[INFO] Sheet1可读取行数为：1
2019-01-11 13:05:58 [BMSWeb.sevice.ProcessService]-[ERROR] 用户名输入框查找失败-_-
2019-01-11 13:09:10 [api.util.ParseExcel]-[INFO] 文件目录：src\resource\excel\1.xlsx
2019-01-11 13:09:11 [api.util.ParseExcel]-[INFO] 访问的sheet的名字：Sheet1
2019-01-11 13:09:12 [api.util.ParseExcel]-[INFO] Sheet1可读取行数为：1
2019-01-11 13:09:56 [BMSWeb.sevice.ProcessService]-[ERROR] 用户名输入框查找失败-_-
2019-01-11 13:12:05 [api.util.ParseExcel]-[INFO] 文件目录：src\resource\excel\1.xlsx
2019-01-11 13:12:07 [api.util.ParseExcel]-[INFO] 访问的sheet的名字：Sheet1
2019-01-11 13:12:07 [api.util.ParseExcel]-[INFO] Sheet1可读取行数为：1
2019-01-11 13:12:52 [BMSWeb.sevice.ProcessService]-[ERROR] 用户名输入框查找失败-_-，元素值：u
2019-01-11 13:16:07 [api.util.ParseExcel]-[INFO] 文件目录：src\resource\excel\1.xlsx
2019-01-11 13:16:08 [api.util.ParseExcel]-[INFO] 访问的sheet的名字：Sheet1
2019-01-11 13:16:08 [api.util.ParseExcel]-[INFO] Sheet1可读取行数为：1
2019-01-11 13:16:55 [BMSWeb.sevice.ProcessService]-[ERROR] 用户名输入框查找失败-_-，元素值：#u
2019-01-11 13:25:21 [api.util.ParseExcel]-[INFO] 文件目录：src\resource\excel\1.xlsx
2019-01-11 13:25:22 [api.util.ParseExcel]-[INFO] 访问的sheet的名字：Sheet1
2019-01-11 13:25:22 [api.util.ParseExcel]-[INFO] Sheet1可读取行数为：2
2019-01-11 13:26:42 [api.util.ParseExcel]-[INFO] 文件目录：src\resource\excel\1.xlsx
2019-01-11 13:26:43 [api.util.ParseExcel]-[INFO] 访问的sheet的名字：Sheet1
2019-01-11 13:26:43 [api.util.ParseExcel]-[INFO] Sheet1可读取行数为：2
2019-01-11 14:15:59 [api.util.ParseExcel]-[INFO] 文件目录：src\resource\excel\1.xlsx
2019-01-11 14:16:00 [api.util.ParseExcel]-[INFO] 访问的sheet的名字：Sheet1
2019-01-11 14:16:00 [api.util.ParseExcel]-[INFO] Sheet1可读取行数为：2
2019-01-11 14:20:03 [api.util.ParseExcel]-[INFO] 文件目录：src\resource\excel\1.xlsx
2019-01-11 14:20:04 [api.util.ParseExcel]-[INFO] 访问的sheet的名字：Sheet1
2019-01-11 14:20:04 [api.util.ParseExcel]-[INFO] Sheet1可读取行数为：2
2019-01-11 14:30:22 [api.util.ParseExcel]-[INFO] 文件目录：src\resource\excel\1.xlsx
2019-01-11 14:30:23 [api.util.ParseExcel]-[INFO] 访问的sheet的名字：Sheet1
2019-01-11 14:30:23 [api.util.ParseExcel]-[INFO] Sheet1可读取行数为：1
2019-01-11 14:30:29 [BMSWeb.sevice.ProcessService]-[INFO] 用户名输入框查找成功^_^：#u
2019-01-11 14:34:14 [api.util.ParseExcel]-[INFO] 文件目录：src\resource\excel\1.xlsx
2019-01-11 14:34:16 [api.util.ParseExcel]-[INFO] 访问的sheet的名字：Sheet1
2019-01-11 14:34:16 [api.util.ParseExcel]-[INFO] Sheet1可读取行数为：1
2019-01-11 14:36:05 [api.util.ParseExcel]-[INFO] 文件目录：src\resource\excel\1.xlsx
2019-01-11 14:36:06 [api.util.ParseExcel]-[INFO] 访问的sheet的名字：Sheet1
2019-01-11 14:36:06 [api.util.ParseExcel]-[INFO] Sheet1可读取行数为：1
2019-01-11 14:36:13 [BMSWeb.sevice.ProcessService]-[INFO] 用户名输入框查找成功^_^：//*[@id='kw']
2019-01-11 14:36:13 [BMSWeb.sevice.ProcessService]-[INFO] 用户名输入框查找成功^_^：//*[@id='kw']
2019-01-11 14:36:18 [BMSWeb.sevice.ProcessService]-[ERROR] 用户名输入框查找失败-_-，元素值：null
2019-01-11 14:37:46 [api.util.ParseExcel]-[INFO] 文件目录：src\resource\excel\1.xlsx
2019-01-11 14:37:47 [api.util.ParseExcel]-[INFO] 访问的sheet的名字：Sheet1
2019-01-11 14:37:47 [api.util.ParseExcel]-[INFO] Sheet1可读取行数为：1
2019-01-11 14:38:27 [BMSWeb.sevice.ProcessService]-[INFO] 用户名输入框查找成功^_^：//*[@id='kw']
2019-01-11 14:38:27 [BMSWeb.sevice.ProcessService]-[INFO] 用户名输入框查找成功^_^：//*[@id='kw']
2019-01-11 14:38:29 [BMSWeb.sevice.ProcessService]-[ERROR] 用户名输入框查找失败-_-，元素值：null
2019-01-11 14:39:41 [api.util.ParseExcel]-[INFO] 文件目录：src\resource\excel\1.xlsx
2019-01-11 14:39:43 [api.util.ParseExcel]-[INFO] 访问的sheet的名字：Sheet1
2019-01-11 14:39:43 [api.util.ParseExcel]-[INFO] Sheet1可读取行数为：1
2019-01-11 14:40:21 [BMSWeb.sevice.ProcessService]-[INFO] 用户名输入框查找成功^_^：//*[@id='kw']
2019-01-11 14:40:21 [BMSWeb.sevice.ProcessService]-[INFO] 用户名输入框查找成功^_^：//*[@id='kw']
2019-01-11 14:40:22 [BMSWeb.sevice.ProcessService]-[ERROR] 用户名输入框查找失败-_-，元素值：null
2019-01-11 14:47:27 [api.util.ParseExcel]-[INFO] 文件目录：src\resource\excel\1.xlsx
2019-01-11 14:47:28 [api.util.ParseExcel]-[INFO] 访问的sheet的名字：Sheet1
2019-01-11 14:47:28 [api.util.ParseExcel]-[INFO] Sheet1可读取行数为：1
2019-01-11 14:47:35 [BMSWeb.sevice.ProcessService]-[INFO] 用户名输入框查找成功^_^：//*[@id='kw']
2019-01-11 14:47:35 [BMSWeb.sevice.ProcessService]-[INFO] 用户名输入框查找成功^_^：//*[@id='kw']
2019-01-11 14:47:37 [BMSWeb.sevice.ProcessService]-[ERROR] 用户名输入框查找失败-_-，元素值：null
2019-01-11 14:48:39 [api.util.ParseExcel]-[INFO] 文件目录：src\resource\excel\1.xlsx
2019-01-11 14:48:40 [api.util.ParseExcel]-[INFO] 访问的sheet的名字：Sheet1
2019-01-11 14:48:40 [api.util.ParseExcel]-[INFO] Sheet1可读取行数为：1
2019-01-11 14:48:46 [api.util.ParseExcel]-[INFO] 文件目录：src\resource\excel\1.xlsx
2019-01-11 14:48:48 [api.util.ParseExcel]-[INFO] 访问的sheet的名字：Sheet1
2019-01-11 14:48:48 [api.util.ParseExcel]-[INFO] Sheet1可读取行数为：1
2019-01-11 14:49:02 [BMSWeb.sevice.ProcessService]-[INFO] 用户名输入框查找成功^_^：//*[@id='kw']
2019-01-11 14:49:02 [BMSWeb.sevice.ProcessService]-[INFO] 用户名输入框查找成功^_^：//*[@id='kw']
2019-01-11 14:49:04 [BMSWeb.sevice.ProcessService]-[ERROR] 用户名输入框查找失败-_-，元素值：null
2019-01-11 14:50:02 [api.util.ParseExcel]-[INFO] 文件目录：src\resource\excel\1.xlsx
2019-01-11 14:50:04 [api.util.ParseExcel]-[INFO] 访问的sheet的名字：Sheet1
2019-01-11 14:50:04 [api.util.ParseExcel]-[INFO] Sheet1可读取行数为：1
2019-01-11 14:53:28 [BMSWeb.sevice.ProcessService]-[INFO] 用户名输入框查找成功^_^：//*[@id='kw']
2019-01-11 14:53:39 [BMSWeb.sevice.ProcessService]-[INFO] 用户名输入框查找成功^_^：//*[@id='kw']
2019-01-11 14:54:23 [api.util.ParseExcel]-[INFO] 文件目录：src\resource\excel\1.xlsx
2019-01-11 14:54:24 [api.util.ParseExcel]-[INFO] 访问的sheet的名字：Sheet1
2019-01-11 14:54:24 [api.util.ParseExcel]-[INFO] Sheet1可读取行数为：1
2019-01-11 14:54:30 [BMSWeb.sevice.ProcessService]-[INFO] 用户名输入框查找成功^_^：//*[@id='kw']
2019-01-11 14:54:31 [BMSWeb.sevice.ProcessService]-[INFO] 用户名输入框查找成功^_^：//*[@id='u1']/a[1]
2019-01-11 14:56:03 [api.util.ParseExcel]-[INFO] 文件目录：src\resource\excel\1.xlsx
2019-01-11 14:56:05 [api.util.ParseExcel]-[INFO] 访问的sheet的名字：Sheet1
2019-01-11 14:56:05 [api.util.ParseExcel]-[INFO] Sheet1可读取行数为：1
2019-01-11 14:56:12 [BMSWeb.sevice.ProcessService]-[INFO] 用户名输入框查找成功^_^：//*[@id='kw']
2019-01-11 14:56:12 [BMSWeb.sevice.ProcessService]-[INFO] 用户名输入框查找成功^_^：//*[@id='u']/a[1]
2019-01-11 14:57:30 [api.util.ParseExcel]-[INFO] 文件目录：src\resource\excel\1.xlsx
2019-01-11 14:57:31 [api.util.ParseExcel]-[INFO] 访问的sheet的名字：Sheet1
2019-01-11 14:57:31 [api.util.ParseExcel]-[INFO] Sheet1可读取行数为：1
2019-01-11 14:57:37 [BMSWeb.sevice.ProcessService]-[INFO] 用户名输入框查找成功^_^：//*[@id='kw']
2019-01-11 14:57:37 [BMSWeb.sevice.ProcessService]-[INFO] 用户名输入框查找成功^_^：//*[@id='u']/a[1]
2019-01-11 15:01:29 [api.util.ParseExcel]-[INFO] 文件目录：src\resource\excel\1.xlsx
2019-01-11 15:01:30 [api.util.ParseExcel]-[INFO] 访问的sheet的名字：Sheet1
2019-01-11 15:01:30 [api.util.ParseExcel]-[INFO] Sheet1可读取行数为：1
2019-01-11 15:01:36 [BMSWeb.sevice.ProcessService]-[INFO] 用户名输入框查找成功^_^：//*[@id='kw']
2019-01-11 15:01:37 [BMSWeb.sevice.ProcessService]-[INFO] 用户名输入框查找成功^_^：//*[@id='u']/a[1]
2019-01-11 15:06:34 [api.util.ParseExcel]-[INFO] 文件目录：src\resource\excel\1.xlsx
2019-01-11 15:06:35 [api.util.ParseExcel]-[INFO] 访问的sheet的名字：Sheet1
2019-01-11 15:06:35 [api.util.ParseExcel]-[INFO] Sheet1可读取行数为：1
2019-01-11 15:06:42 [BMSWeb.sevice.ProcessService]-[INFO] 用户名输入框查找成功^_^：//*[@id='kw']
2019-01-11 15:06:42 [BMSWeb.sevice.ProcessService]-[INFO] 用户名输入框查找成功^_^：//*[@id='u']/a[1]
2019-01-11 16:14:07 [api.util.ParseExcel]-[INFO] 文件目录：src\resource\excel\1.xlsx
2019-01-11 16:14:08 [api.util.ParseExcel]-[INFO] 访问的sheet的名字：Sheet1
2019-01-11 16:14:08 [api.util.ParseExcel]-[INFO] Sheet1可读取行数为：1
2019-01-11 16:14:15 [BMSWeb.sevice.ProcessService]-[INFO] 用户名输入框查找成功^_^：//*[@id='kw']
2019-01-11 16:14:16 [BMSWeb.sevice.ProcessService]-[INFO] 用户名输入框查找成功^_^：//*[@id='u']/a[1]
2019-01-11 16:26:06 [api.util.ParseExcel]-[INFO] 文件目录：src\resource\excel\1.xlsx
2019-01-11 16:26:07 [api.util.ParseExcel]-[INFO] 访问的sheet的名字：Sheet1
2019-01-11 16:26:07 [api.util.ParseExcel]-[INFO] Sheet1可读取行数为：1
2019-01-11 16:26:14 [BMSWeb.sevice.ProcessService]-[INFO] 用户名输入框查找成功^_^：//*[@id='kw']
2019-01-11 16:26:14 [BMSWeb.sevice.ProcessService]-[INFO] 用户名输入框查找成功^_^：//*[@id='u']/a[1]
2019-01-11 16:26:55 [api.util.ParseExcel]-[INFO] 文件目录：src\resource\excel\1.xlsx
2019-01-11 16:26:56 [api.util.ParseExcel]-[INFO] 访问的sheet的名字：Sheet1
2019-01-11 16:26:56 [api.util.ParseExcel]-[INFO] Sheet1可读取行数为：1
2019-01-11 16:27:02 [BMSWeb.sevice.ProcessService]-[INFO] 用户名输入框查找成功^_^：//*[@id='kw']
2019-01-11 16:27:03 [BMSWeb.sevice.ProcessService]-[INFO] 用户名输入框查找成功^_^：//*[@id='u']/a[1]
2019-01-11 16:28:02 [api.util.ParseExcel]-[INFO] 文件目录：src\resource\excel\1.xlsx
2019-01-11 16:28:04 [api.util.ParseExcel]-[INFO] 访问的sheet的名字：Sheet1
2019-01-11 16:28:04 [api.util.ParseExcel]-[INFO] Sheet1可读取行数为：1
2019-01-11 16:28:38 [api.util.ParseExcel]-[INFO] 文件目录：src\resource\excel\1.xlsx
2019-01-11 16:28:39 [api.util.ParseExcel]-[INFO] 访问的sheet的名字：Sheet1
2019-01-11 16:28:39 [api.util.ParseExcel]-[INFO] Sheet1可读取行数为：1
2019-01-11 16:28:46 [BMSWeb.sevice.ProcessService]-[INFO] 用户名输入框查找成功^_^：//*[@id='kw']
2019-01-11 16:28:46 [BMSWeb.sevice.ProcessService]-[INFO] 用户名输入框查找成功^_^：//*[@id='u']/a[1]
2019-01-11 16:46:05 [api.util.ParseExcel]-[INFO] 文件目录：src\resource\excel\1.xlsx
2019-01-11 16:46:06 [api.util.ParseExcel]-[INFO] 访问的sheet的名字：Sheet1
2019-01-11 16:46:06 [api.util.ParseExcel]-[INFO] Sheet1可读取行数为：1
2019-01-11 16:48:36 [api.util.ParseExcel]-[INFO] 文件目录：src\resource\excel\1.xlsx
2019-01-11 16:48:38 [api.util.ParseExcel]-[INFO] 访问的sheet的名字：Sheet1
2019-01-11 16:48:38 [api.util.ParseExcel]-[INFO] Sheet1可读取行数为：1
2019-01-11 16:48:45 [BMSWeb.sevice.ProcessService]-[INFO] 用户名输入框查找成功^_^：//*[@id='kw']
2019-01-11 16:48:46 [BMSWeb.sevice.ProcessService]-[INFO] 用户名输入框查找成功^_^：//*[@id='u']/a[1]
2019-01-11 18:48:41 [api.util.ParseExcel]-[ERROR] 文件目录：classpath*:src/test/resource/excel/1.xlsx;FILE_ERROR_NOTFOUND_文件未找到
2019-01-11 18:48:55 [api.util.ParseExcel]-[INFO] 文件目录：src/test/resource/excel/1.xlsx
2019-01-11 18:48:56 [api.util.ParseExcel]-[INFO] 访问的sheet的名字：Sheet1
2019-01-11 18:48:56 [api.util.ParseExcel]-[INFO] Sheet1可读取行数为：1
2019-01-11 18:49:05 [BMSWeb.sevice.ProcessService]-[INFO] 用户名输入框查找成功^_^：//*[@id='kw']
2019-01-11 18:49:06 [BMSWeb.sevice.ProcessService]-[INFO] 用户名输入框查找成功^_^：//*[@id='u']/a[1]
2019-01-11 18:53:57 [api.util.ParseExcel]-[ERROR] 文件目录：excel/1.xlsx;FILE_ERROR_NOTFOUND_文件未找到
2019-01-11 18:54:56 [api.util.ParseExcel]-[ERROR] 文件目录：file:/E:/testSeleniumAndAppium/target/test-classes/excel/1.xlsx;FILE_ERROR_NOTFOUND_文件未找到
2019-01-11 18:57:31 [api.util.ParseExcel]-[ERROR] 文件目录：file:/E:/testSeleniumAndAppium/target/test-classes/excel/1.xlsx;FILE_ERROR_NOTFOUND_文件未找到
2019-01-11 18:59:07 [api.util.ParseExcel]-[ERROR] 文件目录：file:/E:/testSeleniumAndAppium/target/test-classes/excel/1.xlsx;FILE_ERROR_NOTFOUND_文件未找到
2019-01-11 19:51:57 [api.util.ParseExcel]-[INFO] 文件目录：/E:/testSeleniumAndAppium/target/test-classes/excel/1.xlsx
2019-01-11 19:51:58 [api.util.ParseExcel]-[INFO] 访问的sheet的名字：Sheet1
2019-01-11 19:51:58 [api.util.ParseExcel]-[INFO] Sheet1可读取行数为：1
2019-01-11 19:52:17 [BMSWeb.sevice.ProcessService]-[INFO] 用户名输入框查找成功^_^：//*[@id='kw']
2019-01-11 19:52:25 [BMSWeb.sevice.ProcessService]-[INFO] 用户名输入框查找成功^_^：//*[@id='u']/a[1]
2019-01-11 20:33:10 [api.util.ParseExcel]-[INFO] 文件目录：/E:/testSeleniumAndAppium/target/test-classes/excel/1.xlsx
2019-01-11 20:33:11 [api.util.ParseExcel]-[INFO] 访问的sheet的名字：Sheet1
2019-01-11 20:33:11 [api.util.ParseExcel]-[INFO] Sheet1可读取行数为：1
2019-01-11 20:33:17 [BMSWeb.sevice.ProcessService]-[INFO] 用户名输入框查找成功^_^：//*[@id='kw']
2019-01-11 20:33:17 [BMSWeb.sevice.ProcessService]-[INFO] 用户名输入框查找成功^_^：//*[@id='u']/a[1]
