2019-03-29 10:21:58 [api.util.ParseExcel]-[INFO] 文件目录：/E:/testSeleniumAndAppium/target/test-classes/excel/1.xlsx
2019-03-29 10:22:00 [api.util.ParseExcel]-[INFO] 访问的sheet的名字：Sheet1
2019-03-29 10:22:00 [api.util.ParseExcel]-[INFO] Sheet1可读取行数为：2
2019-03-29 10:22:00 [api.util.ParseExcel]-[INFO] 访问的sheet的名字：Sheet2
2019-03-29 10:22:00 [api.util.ParseExcel]-[INFO] Sheet2可读取行数为：1
2019-03-29 10:22:25 [BMSWeb.sevice.ProcessService]-[INFO] 用户名输入框查找成功^_^：//*[@id='kw']
2019-03-29 10:22:26 [BMSWeb.sevice.ProcessService]-[INFO] 用户名输入框查找成功^_^：//*[@id='u']/a[1]
2019-03-29 10:22:34 [BMSWeb.sevice.ProcessService]-[INFO] 用户名输入框1查找成功^_^：//*[@id='kw']
2019-03-29 10:22:34 [BMSWeb.sevice.ProcessService]-[INFO] 用户名输入框1查找成功^_^：//*[@id='u']/a[1]
2019-03-29 10:22:42 [BMSWeb.sevice.ProcessService]-[INFO] 用户名输入框查找成功^_^：//*[@id='kw']
2019-03-29 10:22:42 [BMSWeb.sevice.ProcessService]-[INFO] 用户名输入框查找成功^_^：//*[@id='u']/a[1]
2019-03-29 10:27:17 [api.util.ParseExcel]-[INFO] 文件目录：/E:/testSeleniumAndAppium/target/test-classes/excel/1.xlsx
2019-03-29 10:27:18 [api.util.ParseExcel]-[INFO] 访问的sheet的名字：Sheet1
2019-03-29 10:27:18 [api.util.ParseExcel]-[INFO] Sheet1可读取行数为：2
2019-03-29 10:27:18 [api.util.ParseExcel]-[INFO] 访问的sheet的名字：Sheet2
2019-03-29 10:27:18 [api.util.ParseExcel]-[INFO] Sheet2可读取行数为：1
2019-03-29 10:58:02 [api.util.ParseExcel]-[INFO] 文件目录：/E:/testSeleniumAndAppium/target/test-classes/excel/1.xlsx
2019-03-29 10:58:03 [api.util.ParseExcel]-[INFO] 访问的sheet的名字：Sheet1
2019-03-29 10:58:03 [api.util.ParseExcel]-[INFO] Sheet1可读取行数为：2
2019-03-29 10:58:03 [api.util.ParseExcel]-[INFO] 访问的sheet的名字：Sheet2
2019-03-29 10:58:03 [api.util.ParseExcel]-[INFO] Sheet2可读取行数为：1
2019-03-29 11:17:00 [api.util.ParseExcel]-[INFO] 文件目录：/E:/testSeleniumAndAppium/target/test-classes/excel/1.xlsx
2019-03-29 11:17:01 [api.util.ParseExcel]-[INFO] 访问的sheet的名字：Sheet1
2019-03-29 11:17:01 [api.util.ParseExcel]-[INFO] Sheet1可读取行数为：2
2019-03-29 11:17:01 [api.util.ParseExcel]-[INFO] 访问的sheet的名字：Sheet2
2019-03-29 11:17:01 [api.util.ParseExcel]-[INFO] Sheet2可读取行数为：1
2019-03-29 11:17:09 [BMSWeb.sevice.ProcessService]-[INFO] 用户名输入框查找成功^_^：//*[@id='kw']
2019-03-29 11:17:10 [BMSWeb.sevice.ProcessService]-[INFO] 用户名输入框查找成功^_^：//*[@id='u']/a[1]
2019-03-29 11:17:16 [BMSWeb.sevice.ProcessService]-[INFO] 用户名输入框1查找成功^_^：//*[@id='kw']
2019-03-29 11:17:17 [BMSWeb.sevice.ProcessService]-[INFO] 用户名输入框1查找成功^_^：//*[@id='u']/a[1]
2019-03-29 11:17:24 [BMSWeb.sevice.ProcessService]-[INFO] 用户名输入框查找成功^_^：//*[@id='kw']
2019-03-29 11:17:25 [BMSWeb.sevice.ProcessService]-[INFO] 用户名输入框查找成功^_^：//*[@id='u']/a[1]
2019-03-29 11:31:16 [api.util.ParseExcel]-[INFO] 文件目录：/E:/testSeleniumAndAppium/target/test-classes/excel/1.xlsx
2019-03-29 11:31:17 [api.util.ParseExcel]-[INFO] 访问的sheet的名字：Sheet1
2019-03-29 11:31:17 [api.util.ParseExcel]-[INFO] Sheet1可读取行数为：2
2019-03-29 11:31:17 [api.util.ParseExcel]-[INFO] 访问的sheet的名字：Sheet2
2019-03-29 11:31:17 [api.util.ParseExcel]-[INFO] Sheet2可读取行数为：1
2019-03-29 11:36:14 [api.util.ParseExcel]-[INFO] 文件目录：/E:/testSeleniumAndAppium/target/test-classes/excel/1.xlsx
2019-03-29 11:36:15 [api.util.ParseExcel]-[INFO] 访问的sheet的名字：Sheet1
2019-03-29 11:36:15 [api.util.ParseExcel]-[INFO] Sheet1可读取行数为：2
2019-03-29 11:36:15 [api.util.ParseExcel]-[INFO] 访问的sheet的名字：Sheet2
2019-03-29 11:36:15 [api.util.ParseExcel]-[INFO] Sheet2可读取行数为：1
2019-03-29 12:19:37 [api.util.ParseExcel]-[INFO] 文件目录：/E:/testSeleniumAndAppium/target/test-classes/excel/1.xlsx
2019-03-29 12:19:38 [api.util.ParseExcel]-[INFO] 访问的sheet的名字：Sheet1
2019-03-29 12:19:38 [api.util.ParseExcel]-[INFO] Sheet1可读取行数为：2
2019-03-29 12:19:38 [api.util.ParseExcel]-[INFO] 访问的sheet的名字：Sheet2
2019-03-29 12:19:38 [api.util.ParseExcel]-[INFO] Sheet2可读取行数为：1
2019-03-29 12:23:16 [api.util.ParseExcel]-[INFO] 文件目录：/E:/testSeleniumAndAppium/target/test-classes/excel/1.xlsx
2019-03-29 12:23:17 [api.util.ParseExcel]-[INFO] 访问的sheet的名字：Sheet1
2019-03-29 12:23:17 [api.util.ParseExcel]-[INFO] Sheet1可读取行数为：2
2019-03-29 12:23:17 [api.util.ParseExcel]-[INFO] 访问的sheet的名字：Sheet2
2019-03-29 12:23:17 [api.util.ParseExcel]-[INFO] Sheet2可读取行数为：1
2019-03-29 12:30:52 [api.util.ParseExcel]-[INFO] 文件目录：/E:/testSeleniumAndAppium/target/test-classes/excel/1.xlsx
2019-03-29 12:30:53 [api.util.ParseExcel]-[INFO] 访问的sheet的名字：Sheet1
2019-03-29 12:30:53 [api.util.ParseExcel]-[INFO] Sheet1可读取行数为：2
2019-03-29 12:30:53 [api.util.ParseExcel]-[INFO] 访问的sheet的名字：Sheet2
2019-03-29 12:30:53 [api.util.ParseExcel]-[INFO] Sheet2可读取行数为：1
2019-03-29 12:31:54 [api.util.ParseExcel]-[INFO] 文件目录：/E:/testSeleniumAndAppium/target/test-classes/excel/1.xlsx
2019-03-29 12:31:55 [api.util.ParseExcel]-[INFO] 访问的sheet的名字：Sheet1
2019-03-29 12:31:55 [api.util.ParseExcel]-[INFO] Sheet1可读取行数为：2
2019-03-29 12:31:55 [api.util.ParseExcel]-[INFO] 访问的sheet的名字：Sheet2
2019-03-29 12:31:55 [api.util.ParseExcel]-[INFO] Sheet2可读取行数为：1
2019-03-29 12:32:01 [BMSWeb.sevice.ProcessService]-[INFO] 用户名输入框查找成功^_^：//*[@id='kw']
2019-03-29 12:32:01 [BMSWeb.sevice.ProcessService]-[INFO] 用户名输入框查找成功^_^：//*[@id='u']/a[1]
2019-03-29 12:32:05 [BMSWeb.sevice.ProcessService]-[INFO] 用户名输入框1查找成功^_^：//*[@id='kw']
2019-03-29 12:32:05 [BMSWeb.sevice.ProcessService]-[INFO] 用户名输入框1查找成功^_^：//*[@id='u']/a[1]
2019-03-29 12:32:09 [BMSWeb.sevice.ProcessService]-[INFO] 用户名输入框查找成功^_^：//*[@id='kw']
2019-03-29 12:32:09 [BMSWeb.sevice.ProcessService]-[INFO] 用户名输入框查找成功^_^：//*[@id='u']/a[1]
2019-03-29 12:35:13 [api.util.ParseExcel]-[INFO] 文件目录：/E:/testSeleniumAndAppium/target/test-classes/excel/1.xlsx
2019-03-29 12:35:14 [api.util.ParseExcel]-[INFO] 访问的sheet的名字：Sheet1
2019-03-29 12:35:14 [api.util.ParseExcel]-[INFO] Sheet1可读取行数为：2
2019-03-29 12:35:15 [api.util.ParseExcel]-[INFO] 访问的sheet的名字：Sheet2
2019-03-29 12:35:15 [api.util.ParseExcel]-[INFO] Sheet2可读取行数为：1
2019-03-29 12:35:20 [BMSWeb.sevice.ProcessService]-[INFO] 用户名输入框查找成功^_^：//*[@id='kw']
2019-03-29 12:35:21 [BMSWeb.sevice.ProcessService]-[INFO] 用户名输入框查找成功^_^：//*[@id='u']/a[1]
2019-03-29 12:38:43 [api.util.ParseExcel]-[INFO] 文件目录：/E:/testSeleniumAndAppium/target/test-classes/excel/1.xlsx
2019-03-29 12:38:45 [api.util.ParseExcel]-[INFO] 访问的sheet的名字：Sheet1
2019-03-29 12:38:45 [api.util.ParseExcel]-[INFO] Sheet1可读取行数为：2
2019-03-29 12:38:45 [api.util.ParseExcel]-[INFO] 访问的sheet的名字：Sheet2
2019-03-29 12:38:45 [api.util.ParseExcel]-[INFO] Sheet2可读取行数为：1
2019-03-29 12:38:49 [BMSWeb.sevice.ProcessService]-[INFO] 用户名输入框查找成功^_^：//*[@id='kw']
2019-03-29 12:38:49 [BMSWeb.sevice.ProcessService]-[INFO] 用户名输入框查找成功^_^：//*[@id='u']/a[1]
2019-03-29 12:38:54 [BMSWeb.sevice.ProcessService]-[INFO] 用户名输入框1查找成功^_^：//*[@id='kw']
2019-03-29 12:38:54 [BMSWeb.sevice.ProcessService]-[INFO] 用户名输入框1查找成功^_^：//*[@id='u']/a[1]
2019-03-29 12:38:58 [BMSWeb.sevice.ProcessService]-[INFO] 用户名输入框查找成功^_^：//*[@id='kw']
2019-03-29 12:38:58 [BMSWeb.sevice.ProcessService]-[INFO] 用户名输入框查找成功^_^：//*[@id='u']/a[1]
2019-03-29 12:45:56 [api.util.ParseExcel]-[INFO] 文件目录：/E:/testSeleniumAndAppium/target/test-classes/excel/1.xlsx
2019-03-29 12:45:58 [api.util.ParseExcel]-[INFO] 访问的sheet的名字：Sheet1
2019-03-29 12:45:58 [api.util.ParseExcel]-[INFO] Sheet1可读取行数为：2
2019-03-29 12:45:58 [api.util.ParseExcel]-[INFO] 访问的sheet的名字：Sheet2
2019-03-29 12:45:58 [api.util.ParseExcel]-[INFO] Sheet2可读取行数为：1
2019-03-29 12:46:03 [BMSWeb.sevice.ProcessService]-[INFO] 用户名输入框查找成功^_^：//*[@id='kw']
2019-03-29 12:46:04 [BMSWeb.sevice.ProcessService]-[INFO] 用户名输入框查找成功^_^：//*[@id='u']/a[1]
2019-03-29 12:46:08 [BMSWeb.sevice.ProcessService]-[INFO] 用户名输入框1查找成功^_^：//*[@id='kw']
2019-03-29 12:46:09 [BMSWeb.sevice.ProcessService]-[INFO] 用户名输入框1查找成功^_^：//*[@id='u']/a[1]
2019-03-29 12:46:14 [BMSWeb.sevice.ProcessService]-[INFO] 用户名输入框查找成功^_^：//*[@id='kw']
2019-03-29 12:46:14 [BMSWeb.sevice.ProcessService]-[INFO] 用户名输入框查找成功^_^：//*[@id='u']/a[1]
2019-03-29 12:48:31 [api.util.ParseExcel]-[INFO] 文件目录：/E:/testSeleniumAndAppium/target/test-classes/excel/1.xlsx
2019-03-29 12:48:32 [api.util.ParseExcel]-[INFO] 访问的sheet的名字：Sheet1
2019-03-29 12:48:32 [api.util.ParseExcel]-[INFO] Sheet1可读取行数为：2
2019-03-29 12:48:32 [api.util.ParseExcel]-[INFO] 访问的sheet的名字：Sheet2
2019-03-29 12:48:32 [api.util.ParseExcel]-[INFO] Sheet2可读取行数为：1
2019-03-29 12:48:37 [BMSWeb.sevice.ProcessService]-[INFO] 用户名输入框查找成功^_^：//*[@id='kw']
2019-03-29 12:48:37 [BMSWeb.sevice.ProcessService]-[INFO] 用户名输入框查找成功^_^：//*[@id='u']/a[1]
2019-03-29 12:48:41 [BMSWeb.sevice.ProcessService]-[INFO] 用户名输入框1查找成功^_^：//*[@id='kw']
2019-03-29 12:48:41 [BMSWeb.sevice.ProcessService]-[INFO] 用户名输入框1查找成功^_^：//*[@id='u']/a[1]
2019-03-29 12:48:45 [BMSWeb.sevice.ProcessService]-[INFO] 用户名输入框查找成功^_^：//*[@id='kw']
2019-03-29 12:48:45 [BMSWeb.sevice.ProcessService]-[INFO] 用户名输入框查找成功^_^：//*[@id='u']/a[1]
2019-03-29 12:50:30 [api.util.ParseExcel]-[INFO] 文件目录：/E:/testSeleniumAndAppium/target/test-classes/excel/1.xlsx
2019-03-29 12:50:32 [api.util.ParseExcel]-[INFO] 访问的sheet的名字：Sheet1
2019-03-29 12:50:32 [api.util.ParseExcel]-[INFO] Sheet1可读取行数为：2
2019-03-29 12:50:32 [api.util.ParseExcel]-[INFO] 访问的sheet的名字：Sheet2
2019-03-29 12:50:32 [api.util.ParseExcel]-[INFO] Sheet2可读取行数为：1
2019-03-29 12:52:03 [BMSWeb.sevice.ProcessService]-[INFO] 用户名输入框查找成功^_^：//*[@id='kw']
2019-03-29 12:52:57 [BMSWeb.sevice.ProcessService]-[INFO] 用户名输入框查找成功^_^：//*[@id='u']/a[1]
2019-03-29 12:53:16 [BMSWeb.sevice.ProcessService]-[INFO] 用户名输入框查找成功^_^：//*[@id='u']/a[1]
2019-03-29 13:01:07 [BMSWeb.sevice.ProcessService]-[INFO] 用户名输入框1查找成功^_^：//*[@id='kw']
2019-03-29 13:01:09 [BMSWeb.sevice.ProcessService]-[INFO] 用户名输入框1查找成功^_^：//*[@id='u']/a[1]
2019-03-29 13:01:19 [BMSWeb.sevice.ProcessService]-[INFO] 用户名输入框查找成功^_^：//*[@id='kw']
2019-03-29 13:01:20 [BMSWeb.sevice.ProcessService]-[INFO] 用户名输入框查找成功^_^：//*[@id='u']/a[1]
2019-03-29 13:08:14 [api.util.ParseExcel]-[INFO] 文件目录：/E:/testSeleniumAndAppium/target/test-classes/excel/1.xlsx
2019-03-29 13:08:15 [api.util.ParseExcel]-[INFO] 访问的sheet的名字：Sheet1
2019-03-29 13:08:15 [api.util.ParseExcel]-[INFO] Sheet1可读取行数为：2
2019-03-29 13:08:15 [api.util.ParseExcel]-[INFO] 访问的sheet的名字：Sheet2
2019-03-29 13:08:15 [api.util.ParseExcel]-[INFO] Sheet2可读取行数为：1
2019-03-29 13:08:20 [BMSWeb.sevice.ProcessService]-[INFO] 用户名输入框1查找成功^_^：//*[@id='kw']
2019-03-29 13:08:20 [BMSWeb.sevice.ProcessService]-[INFO] 用户名输入框1查找成功^_^：//*[@id='u']/a[1]
2019-03-29 13:08:25 [BMSWeb.sevice.ProcessService]-[INFO] 用户名输入框查找成功^_^：//*[@id='kw']
2019-03-29 13:08:25 [BMSWeb.sevice.ProcessService]-[INFO] 用户名输入框查找成功^_^：//*[@id='u']/a[1]
2019-03-29 13:09:36 [api.util.ParseExcel]-[INFO] 文件目录：/E:/testSeleniumAndAppium/target/test-classes/excel/1.xlsx
2019-03-29 13:09:37 [api.util.ParseExcel]-[INFO] 访问的sheet的名字：Sheet1
2019-03-29 13:09:37 [api.util.ParseExcel]-[INFO] Sheet1可读取行数为：2
2019-03-29 13:09:37 [api.util.ParseExcel]-[INFO] 访问的sheet的名字：Sheet2
2019-03-29 13:09:37 [api.util.ParseExcel]-[INFO] Sheet2可读取行数为：1
2019-03-29 13:09:42 [BMSWeb.sevice.ProcessService]-[INFO] 用户名输入框1查找成功^_^：//*[@id='kw']
2019-03-29 13:09:42 [BMSWeb.sevice.ProcessService]-[INFO] 用户名输入框1查找成功^_^：//*[@id='u']/a[1]
2019-03-29 13:09:51 [api.util.ParseExcel]-[INFO] 文件目录：/E:/testSeleniumAndAppium/target/test-classes/excel/1.xlsx
2019-03-29 13:09:52 [api.util.ParseExcel]-[INFO] 访问的sheet的名字：Sheet1
2019-03-29 13:09:52 [api.util.ParseExcel]-[INFO] Sheet1可读取行数为：2
2019-03-29 13:09:52 [api.util.ParseExcel]-[INFO] 访问的sheet的名字：Sheet2
2019-03-29 13:09:52 [api.util.ParseExcel]-[INFO] Sheet2可读取行数为：1
2019-03-29 13:09:58 [api.util.ParseExcel]-[INFO] 文件目录：/E:/testSeleniumAndAppium/target/test-classes/excel/1.xlsx
2019-03-29 13:10:00 [api.util.ParseExcel]-[INFO] 访问的sheet的名字：Sheet1
2019-03-29 13:10:00 [api.util.ParseExcel]-[INFO] Sheet1可读取行数为：2
2019-03-29 13:10:00 [api.util.ParseExcel]-[INFO] 访问的sheet的名字：Sheet2
2019-03-29 13:10:00 [api.util.ParseExcel]-[INFO] Sheet2可读取行数为：1
2019-03-29 13:11:29 [api.util.ParseExcel]-[INFO] 文件目录：/E:/testSeleniumAndAppium/target/test-classes/excel/1.xlsx
2019-03-29 13:11:30 [api.util.ParseExcel]-[INFO] 访问的sheet的名字：Sheet1
2019-03-29 13:11:30 [api.util.ParseExcel]-[INFO] Sheet1可读取行数为：2
2019-03-29 13:11:30 [api.util.ParseExcel]-[INFO] 访问的sheet的名字：Sheet2
2019-03-29 13:11:30 [api.util.ParseExcel]-[INFO] Sheet2可读取行数为：1
2019-03-29 13:11:35 [BMSWeb.sevice.ProcessService]-[INFO] 用户名输入框查找成功^_^：//*[@id='kw']
2019-03-29 13:11:36 [BMSWeb.sevice.ProcessService]-[INFO] 用户名输入框查找成功^_^：//*[@id='su']
2019-03-29 13:11:36 [BMSWeb.sevice.ProcessService]-[INFO] 用户名输入框查找成功^_^：//*[@id='u']/a[1]
2019-03-29 13:11:40 [BMSWeb.sevice.ProcessService]-[INFO] 用户名输入框1查找成功^_^：//*[@id='kw']
2019-03-29 13:11:40 [BMSWeb.sevice.ProcessService]-[INFO] 用户名输入框1查找成功^_^：//*[@id='u']/a[1]
2019-03-29 13:11:44 [BMSWeb.sevice.ProcessService]-[INFO] 用户名输入框查找成功^_^：//*[@id='kw']
2019-03-29 13:11:44 [BMSWeb.sevice.ProcessService]-[INFO] 用户名输入框查找成功^_^：//*[@id='u']/a[1]
