2019-01-25 09:42:35 [api.util.ParseExcel]-[INFO] 文件目录：/E:/testSeleniumAndAppium/target/test-classes/excel/1.xlsx
2019-01-25 09:42:42 [api.util.ParseExcel]-[INFO] 访问的sheet的名字：Sheet1
2019-01-25 09:42:42 [api.util.ParseExcel]-[INFO] Sheet1可读取行数为：2
2019-01-25 09:42:42 [api.util.ParseExcel]-[INFO] 访问的sheet的名字：Sheet1
2019-01-25 09:42:42 [api.util.ParseExcel]-[INFO] Sheet1可读取行数为：2
2019-01-25 09:43:05 [api.util.ParseExcel]-[INFO] 文件目录：/E:/testSeleniumAndAppium/target/test-classes/excel/1.xlsx
2019-01-25 09:43:06 [api.util.ParseExcel]-[INFO] 访问的sheet的名字：Sheet1
2019-01-25 09:43:06 [api.util.ParseExcel]-[INFO] Sheet1可读取行数为：2
2019-01-25 09:43:06 [api.util.ParseExcel]-[INFO] 访问的sheet的名字：Sheet1
2019-01-25 09:43:06 [api.util.ParseExcel]-[INFO] Sheet1可读取行数为：2
2019-01-25 09:44:24 [api.util.ParseExcel]-[INFO] 文件目录：/E:/testSeleniumAndAppium/target/test-classes/excel/1.xlsx
2019-01-25 09:44:37 [api.util.ParseExcel]-[INFO] 访问的sheet的名字：Sheet1
2019-01-25 09:44:37 [api.util.ParseExcel]-[INFO] Sheet1可读取行数为：2
2019-01-25 09:44:37 [api.util.ParseExcel]-[INFO] 访问的sheet的名字：Sheet1
2019-01-25 09:44:37 [api.util.ParseExcel]-[INFO] Sheet1可读取行数为：2
2019-01-25 09:44:56 [api.util.ParseExcel]-[INFO] 文件目录：/E:/testSeleniumAndAppium/target/test-classes/excel/1.xlsx
2019-01-25 09:44:57 [api.util.ParseExcel]-[INFO] 访问的sheet的名字：Sheet1
2019-01-25 09:44:57 [api.util.ParseExcel]-[INFO] Sheet1可读取行数为：2
2019-01-25 09:44:57 [api.util.ParseExcel]-[INFO] 访问的sheet的名字：Sheet1
2019-01-25 09:44:57 [api.util.ParseExcel]-[INFO] Sheet1可读取行数为：2
2019-01-25 09:45:03 [api.util.ParseExcel]-[INFO] 文件目录：/E:/testSeleniumAndAppium/target/test-classes/excel/1.xlsx
2019-01-25 09:45:03 [api.util.ParseExcel]-[INFO] 访问的sheet的名字：Sheet1
2019-01-25 09:45:03 [api.util.ParseExcel]-[INFO] Sheet1可读取行数为：2
2019-01-25 09:45:03 [api.util.ParseExcel]-[INFO] 访问的sheet的名字：Sheet1
2019-01-25 09:45:03 [api.util.ParseExcel]-[INFO] Sheet1可读取行数为：2
2019-01-25 09:46:00 [api.util.ParseExcel]-[INFO] 文件目录：/E:/testSeleniumAndAppium/target/test-classes/excel/1.xlsx
2019-01-25 09:46:44 [api.util.ParseExcel]-[INFO] 访问的sheet的名字：Sheet1
2019-01-25 09:46:44 [api.util.ParseExcel]-[INFO] Sheet1可读取行数为：2
2019-01-25 09:46:44 [api.util.ParseExcel]-[INFO] 访问的sheet的名字：Sheet1
2019-01-25 09:46:44 [api.util.ParseExcel]-[INFO] Sheet1可读取行数为：2
2019-01-25 09:47:25 [api.util.ParseExcel]-[INFO] 文件目录：/E:/testSeleniumAndAppium/target/test-classes/excel/1.xlsx
2019-01-25 09:47:26 [api.util.ParseExcel]-[INFO] 访问的sheet的名字：Sheet1
2019-01-25 09:47:26 [api.util.ParseExcel]-[INFO] Sheet1可读取行数为：2
2019-01-25 09:47:26 [api.util.ParseExcel]-[INFO] 访问的sheet的名字：Sheet1
2019-01-25 09:47:26 [api.util.ParseExcel]-[INFO] Sheet1可读取行数为：2
2019-01-25 09:47:26 [api.util.ParseExcel]-[INFO] 访问的sheet的名字：Sheet1
2019-01-25 09:47:26 [api.util.ParseExcel]-[INFO] Sheet1可读取行数为：2
2019-01-25 09:47:53 [api.util.ParseExcel]-[INFO] 文件目录：/E:/testSeleniumAndAppium/target/test-classes/excel/1.xlsx
2019-01-25 09:47:53 [api.util.ParseExcel]-[INFO] 访问的sheet的名字：Sheet1
2019-01-25 09:47:53 [api.util.ParseExcel]-[INFO] Sheet1可读取行数为：2
2019-01-25 09:47:53 [api.util.ParseExcel]-[INFO] 访问的sheet的名字：Sheet1
2019-01-25 09:47:53 [api.util.ParseExcel]-[INFO] Sheet1可读取行数为：2
2019-01-25 09:47:53 [api.util.ParseExcel]-[INFO] 访问的sheet的名字：Sheet1
2019-01-25 09:47:53 [api.util.ParseExcel]-[INFO] Sheet1可读取行数为：2
2019-01-25 09:49:44 [api.util.ParseExcel]-[INFO] 文件目录：/E:/testSeleniumAndAppium/target/test-classes/excel/1.xlsx
2019-01-25 09:49:46 [api.util.ParseExcel]-[INFO] 访问的sheet的名字：Sheet1
2019-01-25 09:49:46 [api.util.ParseExcel]-[INFO] Sheet1可读取行数为：2
2019-01-25 09:49:46 [api.util.ParseExcel]-[INFO] 访问的sheet的名字：Sheet1
2019-01-25 09:49:46 [api.util.ParseExcel]-[INFO] Sheet1可读取行数为：2
2019-01-25 09:49:46 [api.util.ParseExcel]-[INFO] 访问的sheet的名字：Sheet1
2019-01-25 09:49:46 [api.util.ParseExcel]-[INFO] Sheet1可读取行数为：2
2019-01-25 09:56:52 [api.util.ParseExcel]-[INFO] 文件目录：/E:/testSeleniumAndAppium/target/test-classes/excel/1.xlsx
2019-01-25 09:56:54 [api.util.ParseExcel]-[INFO] 访问的sheet的名字：Sheet1
2019-01-25 09:56:54 [api.util.ParseExcel]-[INFO] Sheet1可读取行数为：2
2019-01-25 09:57:20 [api.util.ParseExcel]-[INFO] 文件目录：/E:/testSeleniumAndAppium/target/test-classes/excel/1.xlsx
2019-01-25 09:57:21 [api.util.ParseExcel]-[INFO] 访问的sheet的名字：Sheet1
2019-01-25 09:57:21 [api.util.ParseExcel]-[INFO] Sheet1可读取行数为：2
2019-01-25 09:57:47 [api.util.ParseExcel]-[INFO] 文件目录：/E:/testSeleniumAndAppium/target/test-classes/excel/1.xlsx
2019-01-25 09:57:48 [api.util.ParseExcel]-[INFO] 访问的sheet的名字：Sheet1
2019-01-25 09:57:48 [api.util.ParseExcel]-[INFO] Sheet1可读取行数为：2
2019-01-25 10:00:26 [api.util.ParseExcel]-[INFO] 文件目录：/E:/testSeleniumAndAppium/target/test-classes/excel/1.xlsx
2019-01-25 10:00:28 [api.util.ParseExcel]-[INFO] 访问的sheet的名字：Sheet1
2019-01-25 10:00:28 [api.util.ParseExcel]-[INFO] Sheet1可读取行数为：2
2019-01-25 10:00:47 [api.util.ParseExcel]-[INFO] 文件目录：/E:/testSeleniumAndAppium/target/test-classes/excel/1.xlsx
2019-01-25 10:00:48 [api.util.ParseExcel]-[INFO] 访问的sheet的名字：Sheet1
2019-01-25 10:00:48 [api.util.ParseExcel]-[INFO] Sheet1可读取行数为：2
2019-01-25 10:01:17 [api.util.ParseExcel]-[INFO] 文件目录：/E:/testSeleniumAndAppium/target/test-classes/excel/1.xlsx
2019-01-25 10:01:19 [api.util.ParseExcel]-[INFO] 访问的sheet的名字：Sheet1
2019-01-25 10:01:19 [api.util.ParseExcel]-[INFO] Sheet1可读取行数为：2
2019-01-25 10:01:41 [api.util.ParseExcel]-[INFO] 文件目录：/E:/testSeleniumAndAppium/target/test-classes/excel/1.xlsx
2019-01-25 10:01:43 [api.util.ParseExcel]-[INFO] 访问的sheet的名字：Sheet1
2019-01-25 10:01:43 [api.util.ParseExcel]-[INFO] Sheet1可读取行数为：2
2019-01-25 10:02:17 [api.util.ParseExcel]-[INFO] 文件目录：/E:/testSeleniumAndAppium/target/test-classes/excel/1.xlsx
2019-01-25 10:02:18 [api.util.ParseExcel]-[INFO] 访问的sheet的名字：Sheet1
2019-01-25 10:02:18 [api.util.ParseExcel]-[INFO] Sheet1可读取行数为：2
2019-01-25 10:18:47 [api.util.ParseExcel]-[INFO] 文件目录：/E:/testSeleniumAndAppium/target/test-classes/excel/1.xlsx
2019-01-25 10:18:48 [api.util.ParseExcel]-[INFO] 访问的sheet的名字：Sheet1
2019-01-25 10:18:48 [api.util.ParseExcel]-[INFO] Sheet1可读取行数为：2
2019-01-25 10:19:37 [api.util.ParseExcel]-[INFO] 文件目录：/E:/testSeleniumAndAppium/target/test-classes/excel/1.xlsx
2019-01-25 10:19:38 [api.util.ParseExcel]-[INFO] 访问的sheet的名字：Sheet1
2019-01-25 10:19:38 [api.util.ParseExcel]-[INFO] Sheet1可读取行数为：2
2019-01-25 10:19:38 [api.util.ParseExcel]-[INFO] 访问的sheet的名字：Sheet2
2019-01-25 10:19:38 [api.util.ParseExcel]-[INFO] Sheet2可读取行数为：1
2019-01-25 10:20:32 [api.util.ParseExcel]-[INFO] 文件目录：/E:/testSeleniumAndAppium/target/test-classes/excel/1.xlsx
2019-01-25 10:20:33 [api.util.ParseExcel]-[INFO] 访问的sheet的名字：Sheet1
2019-01-25 10:20:33 [api.util.ParseExcel]-[INFO] Sheet1可读取行数为：2
2019-01-25 10:20:33 [api.util.ParseExcel]-[INFO] 访问的sheet的名字：Sheet2
2019-01-25 10:20:33 [api.util.ParseExcel]-[INFO] Sheet2可读取行数为：1
2019-01-25 10:20:49 [api.util.ParseExcel]-[INFO] 文件目录：/E:/testSeleniumAndAppium/target/test-classes/excel/1.xlsx
2019-01-25 10:20:50 [api.util.ParseExcel]-[INFO] 访问的sheet的名字：Sheet1
2019-01-25 10:20:50 [api.util.ParseExcel]-[INFO] Sheet1可读取行数为：2
2019-01-25 10:20:50 [api.util.ParseExcel]-[INFO] 访问的sheet的名字：Sheet2
2019-01-25 10:20:50 [api.util.ParseExcel]-[INFO] Sheet2可读取行数为：1
2019-01-25 10:22:03 [api.util.ParseExcel]-[INFO] 文件目录：/E:/testSeleniumAndAppium/target/test-classes/excel/1.xlsx
2019-01-25 10:22:04 [api.util.ParseExcel]-[INFO] 访问的sheet的名字：Sheet1
2019-01-25 10:22:04 [api.util.ParseExcel]-[INFO] Sheet1可读取行数为：2
2019-01-25 10:22:04 [api.util.ParseExcel]-[INFO] 访问的sheet的名字：Sheet2
2019-01-25 10:22:04 [api.util.ParseExcel]-[INFO] Sheet2可读取行数为：1
2019-01-25 10:22:47 [api.util.ParseExcel]-[INFO] 文件目录：/E:/testSeleniumAndAppium/target/test-classes/excel/1.xlsx
2019-01-25 10:22:49 [api.util.ParseExcel]-[INFO] 访问的sheet的名字：Sheet1
2019-01-25 10:22:49 [api.util.ParseExcel]-[INFO] Sheet1可读取行数为：2
2019-01-25 10:22:49 [api.util.ParseExcel]-[INFO] 访问的sheet的名字：Sheet2
2019-01-25 10:22:49 [api.util.ParseExcel]-[INFO] Sheet2可读取行数为：1
2019-01-25 10:27:08 [api.util.ParseExcel]-[INFO] 文件目录：/E:/testSeleniumAndAppium/target/test-classes/excel/1.xlsx
2019-01-25 10:27:09 [api.util.ParseExcel]-[INFO] 访问的sheet的名字：Sheet1
2019-01-25 10:27:09 [api.util.ParseExcel]-[INFO] Sheet1可读取行数为：2
2019-01-25 10:27:09 [api.util.ParseExcel]-[INFO] 访问的sheet的名字：Sheet2
2019-01-25 10:27:09 [api.util.ParseExcel]-[INFO] Sheet2可读取行数为：1
2019-01-25 10:28:19 [api.util.ParseExcel]-[INFO] 文件目录：/E:/testSeleniumAndAppium/target/test-classes/excel/1.xlsx
2019-01-25 10:28:20 [api.util.ParseExcel]-[INFO] 访问的sheet的名字：Sheet1
2019-01-25 10:28:20 [api.util.ParseExcel]-[INFO] Sheet1可读取行数为：2
2019-01-25 10:28:20 [api.util.ParseExcel]-[INFO] 访问的sheet的名字：Sheet2
2019-01-25 10:28:20 [api.util.ParseExcel]-[INFO] Sheet2可读取行数为：1
2019-01-25 10:30:41 [api.util.ParseExcel]-[INFO] 文件目录：/E:/testSeleniumAndAppium/target/test-classes/excel/1.xlsx
2019-01-25 10:30:42 [api.util.ParseExcel]-[INFO] 访问的sheet的名字：Sheet1
2019-01-25 10:30:42 [api.util.ParseExcel]-[INFO] Sheet1可读取行数为：2
2019-01-25 10:30:42 [api.util.ParseExcel]-[INFO] 访问的sheet的名字：Sheet2
2019-01-25 10:30:42 [api.util.ParseExcel]-[INFO] Sheet2可读取行数为：1
2019-01-25 10:30:53 [BMSWeb.sevice.ProcessService]-[INFO] 用户名输入框查找成功^_^：//*[@id='kw']
2019-01-25 10:30:54 [BMSWeb.sevice.ProcessService]-[INFO] 用户名输入框查找成功^_^：//*[@id='u']/a[1]
2019-01-25 10:31:00 [BMSWeb.sevice.ProcessService]-[INFO] 用户名输入框1查找成功^_^：//*[@id='kw']
2019-01-25 10:31:01 [BMSWeb.sevice.ProcessService]-[INFO] 用户名输入框1查找成功^_^：//*[@id='u']/a[1]
2019-01-25 10:31:06 [BMSWeb.sevice.ProcessService]-[INFO] 用户名输入框查找成功^_^：//*[@id='kw']
2019-01-25 10:31:07 [BMSWeb.sevice.ProcessService]-[INFO] 用户名输入框查找成功^_^：//*[@id='u']/a[1]
2019-01-25 10:33:29 [api.util.ParseExcel]-[INFO] 文件目录：/E:/testSeleniumAndAppium/target/test-classes/excel/1.xlsx
2019-01-25 10:33:30 [api.util.ParseExcel]-[INFO] 访问的sheet的名字：Sheet1
2019-01-25 10:33:30 [api.util.ParseExcel]-[INFO] Sheet1可读取行数为：2
2019-01-25 10:33:30 [api.util.ParseExcel]-[INFO] 访问的sheet的名字：Sheet2
2019-01-25 10:33:30 [api.util.ParseExcel]-[INFO] Sheet2可读取行数为：1
2019-01-25 10:33:36 [BMSWeb.sevice.ProcessService]-[INFO] 用户名输入框查找成功^_^：//*[@id='kw']
2019-01-25 10:33:37 [BMSWeb.sevice.ProcessService]-[INFO] 用户名输入框查找成功^_^：//*[@id='u']/a[1]
2019-01-25 10:33:43 [BMSWeb.sevice.ProcessService]-[INFO] 用户名输入框1查找成功^_^：//*[@id='kw']
2019-01-25 10:33:43 [BMSWeb.sevice.ProcessService]-[INFO] 用户名输入框1查找成功^_^：//*[@id='u']/a[1]
2019-01-25 10:33:49 [BMSWeb.sevice.ProcessService]-[INFO] 用户名输入框查找成功^_^：//*[@id='kw']
2019-01-25 10:33:50 [BMSWeb.sevice.ProcessService]-[INFO] 用户名输入框查找成功^_^：//*[@id='u']/a[1]
2019-01-25 10:39:24 [api.util.ParseExcel]-[INFO] 文件目录：/E:/testSeleniumAndAppium/target/test-classes/excel/1.xlsx
2019-01-25 10:39:25 [api.util.ParseExcel]-[INFO] 访问的sheet的名字：Sheet1
2019-01-25 10:39:25 [api.util.ParseExcel]-[INFO] Sheet1可读取行数为：2
2019-01-25 10:39:25 [api.util.ParseExcel]-[INFO] 访问的sheet的名字：Sheet2
2019-01-25 10:39:25 [api.util.ParseExcel]-[INFO] Sheet2可读取行数为：1
2019-01-25 10:39:31 [BMSWeb.sevice.ProcessService]-[INFO] 用户名输入框查找成功^_^：//*[@id='kw']
2019-01-25 10:39:32 [BMSWeb.sevice.ProcessService]-[INFO] 用户名输入框查找成功^_^：//*[@id='u']/a[1]
2019-01-25 10:39:38 [BMSWeb.sevice.ProcessService]-[INFO] 用户名输入框1查找成功^_^：//*[@id='kw']
2019-01-25 10:39:38 [BMSWeb.sevice.ProcessService]-[INFO] 用户名输入框1查找成功^_^：//*[@id='u']/a[1]
2019-01-25 10:39:45 [BMSWeb.sevice.ProcessService]-[INFO] 用户名输入框查找成功^_^：//*[@id='kw']
2019-01-25 10:39:45 [BMSWeb.sevice.ProcessService]-[INFO] 用户名输入框查找成功^_^：//*[@id='u']/a[1]
2019-01-25 18:02:04 [api.util.ParseExcel]-[ERROR] 文件目录：/E:/testSeleniumAndAppium/target/test-classes/excel/1.xlsx;FILE_ERROR_NOTFOUND_文件未找到
2019-01-25 18:02:23 [api.util.ParseExcel]-[ERROR] 文件目录：/E:/testSeleniumAndAppium/target/test-classes/excel/1.xlsx;FILE_ERROR_NOTFOUND_文件未找到
2019-01-25 18:02:54 [api.util.ParseExcel]-[ERROR] 文件目录：/E:/testSeleniumAndAppium/target/test-classes/excel/1.xlsx;FILE_ERROR_NOTFOUND_文件未找到
2019-01-25 18:03:33 [api.util.ParseExcel]-[ERROR] 文件目录：src/resource/excel/1.xlsx;FILE_ERROR_NOTFOUND_文件未找到
2019-01-25 18:03:50 [api.util.ParseExcel]-[ERROR] 文件目录：src/resource/excel/1.xlsx;FILE_ERROR_NOTFOUND_文件未找到
2019-01-25 18:04:20 [api.util.ParseExcel]-[ERROR] 文件目录：src/resource/excel/1.xlsx;FILE_ERROR_NOTFOUND_文件未找到
2019-01-25 18:04:49 [api.util.ParseExcel]-[ERROR] 文件目录：/E:/testSeleniumAndAppium/target/test-classes/excel/1.xlsx;FILE_ERROR_NOTFOUND_文件未找到
2019-01-25 18:05:35 [api.util.ParseExcel]-[INFO] 文件目录：E:\testSeleniumAndAppium\target\classes\excel\1.xlsx
2019-01-25 18:05:36 [api.util.ParseExcel]-[INFO] 访问的sheet的名字：Sheet1
2019-01-25 18:05:36 [api.util.ParseExcel]-[INFO] Sheet1可读取行数为：2
2019-01-25 18:05:36 [api.util.ParseExcel]-[INFO] 访问的sheet的名字：Sheet2
2019-01-25 18:05:36 [api.util.ParseExcel]-[INFO] Sheet2可读取行数为：1
2019-01-25 18:05:43 [BMSWeb.sevice.ProcessService]-[INFO] 用户名输入框查找成功^_^：//*[@id='kw']
2019-01-25 18:05:43 [BMSWeb.sevice.ProcessService]-[INFO] 用户名输入框查找成功^_^：//*[@id='u']/a[1]
2019-01-25 18:05:49 [BMSWeb.sevice.ProcessService]-[INFO] 用户名输入框1查找成功^_^：//*[@id='kw']
2019-01-25 18:05:50 [BMSWeb.sevice.ProcessService]-[INFO] 用户名输入框1查找成功^_^：//*[@id='u']/a[1]
2019-01-25 18:05:56 [BMSWeb.sevice.ProcessService]-[INFO] 用户名输入框查找成功^_^：//*[@id='kw']
2019-01-25 18:05:56 [BMSWeb.sevice.ProcessService]-[INFO] 用户名输入框查找成功^_^：//*[@id='u']/a[1]
